irene.baietti@gmail.com|8-bit
fabiola.grillo@gmail.com|8-bit
andrea.maggiore26@gmail.com|8-bit
letterasei@gmail.com|8-bit
stornellipiacentino@gmail.com|8-bit
cristinacarta1965@gmail.com|8-bit
rita.appiano1955@gmail.com|8-bit
skylost2004@gmail.com|8-bit
autotrasportiravaioli@gmail.com|8-bit
daniellekrause26@gmail.com|8-bit
giudicicco@gmail.com|8-bit
m.melinte1969@gmail.com|8-bit
gd.sorre@gmail.com|8-bit
marco.coro1983@gmail.com|8-bit
danieleva63@gmail.com|8-bit
pborghi84@gmail.com|8-bit
antonella.tittonel@gmail.com|8-bit
64favifavi@gmail.com|8-bit
stefano.pelloni.81@gmail.com|8-bit
coperture.boscia@gmail.com|8-bit
soc.agri.carena@gmail.com|8-bit
studioscaratticdl@gmail.com|8-bit
marongiumarco1981@gmail.com|8-bit
biagetti.ale@gmail.com|8-bit
rosamariaaquilino@gmail.com|8-bit
gianmario.pirola@gmail.com|8-bit
silviari1973@gmail.com|8-bit
info@arche-edizioni.com|8-bit
fabiogabriele1000@gmail.com|8-bit
gerapiazza@gmail.com|8-bit
gabriele.elisei.ge@gmail.com|8-bit
seiamarco00@gmail.com|8-bit
pberardi200@gmail.com|8-bit
mirella.francone62@gmail.com|8-bit
francesco.guadagno65@gmail.com|8-bit
francescoglguadagno@gmail.com|8-bit
crescenzociccolella@gmail.com|8-bit
pacstealer@gmail.com|8-bit
massimo.p620@gmail.com|8-bit
gianni.pegoretti70@gmail.com|8-bit
a.pirini1975@gmail.com|8-bit
andreapuntocincinelli@gmail.com|8-bit
infowalterval@gmail.com|8-bit
cesarettof@gmail.com|8-bit
dbechis@gmail.com|8-bit
ferdinandino@icloud.com|8-bit
antonioo.calo@gmail.com|8-bit
robertaportalupi@icloud.com|8-bit
sandromori802@gmail.com|8-bit
forte.federico.1993@gmail.com|8-bit
annamariamelucci58@gmail.com|8-bit
virga.fran@gmail.com|8-bit
ruggierob1946@gmail.com|8-bit
persicoleonardo@gmail.com|8-bit
paolaracheleconforti@gmail.com|8-bit
hjma411@gmail.com|8-bit
riba07071968@gmail.com|8-bit
francesco.rafaschieri11@gmail.com|8-bit
moblev2000@gmail.com|8-bit
labonia.antonia@gmail.com|8-bit
msabrina1967@gmail.com|8-bit
moscaaldo7@gmail.com|8-bit
lusciandru1@gmail.com|8-bit
jeph.deo@gmail.com|8-bit
marchesoniennio@gmail.com|8-bit
ceccarelli2018@gmail.com|8-bit
andreamacula@gmail.com|8-bit
mcri.13.rubega@gmail.com|8-bit
e.consolandi89@gmail.com|8-bit
corrado.asticher@gmail.com|8-bit
cuccarollovirginio@gmail.com|8-bit
carlocaccese50@gmail.com|8-bit
disomma.da@gmail.com|8-bit
carlaboroni56@gmail.com|8-bit
luciano.galbussera@gmail.com|8-bit
sandro.lapiana@icloud.com|8-bit
robyreds89@gmail.com|8-bit
laura.margiotta12@gmail.com|8-bit
manuela.scaranaro@gmail.com|8-bit
rizzipiccolo@gmail.com|8-bit
franca.favaro19@gmail.com|8-bit
riccardo.gaudioso.t@gmail.com|8-bit
sabipatu@gmail.com|8-bit
robertomasetti1@gmail.com|8-bit
iu3nog@gmail.com|8-bit
carlo.trevisan39@gmail.com|8-bit
casiniluigi.foligno@gmail.com|8-bit
giuseppe.cimini.64@gmail.com|8-bit
tommy.pastori@gmail.com|8-bit
luca.carcano.1996@gmail.com|8-bit
giusy.zzz9@gmail.com|8-bit
supertata71@gmail.com|8-bit
alfonso.guariglia1@gmail.com|8-bit
assicuratidialessandrobazzichi@gmail.com|8-bit
reggianilorenzoreggiani@gmail.com|8-bit
lucaadonemonti@gmail.com|8-bit
guido.ziano@gmail.com|8-bit
ing.osvaldostella@gmail.com|8-bit
0700262ac@gmail.com|8-bit
geomgatto@gmail.com|8-bit
alessandrosimonetti55@gmail.com|8-bit
gaet1060@gmail.com|8-bit
lovatotiziana67@gmail.com|8-bit
luigimorselli1936@gmail.com|8-bit
pietromontierosannapane@gmail.com|8-bit
u9147961414@gmail.com|8-bit
anna.balicco58@gmail.com|8-bit
fausto.rodella54@gmail.com|8-bit
sicurezzaantispamattiva@gmail.com|8-bit
giamba.fumagalli@gmail.com|8-bit
gianninocavalletto@gmail.com|8-bit
gaudenziocalzoni@gmail.com|8-bit
marcoscansani.marte@gmail.com|8-bit
donnacarmela95@gmail.com|8-bit
fabrizio.fattori70@gmail.com|8-bit
robertobattigaglia@gmail.com|8-bit
hallytobayas@gmail.com|8-bit
ma.arrighi@gmail.com|8-bit
atzenimariagiovanna@gmail.com|8-bit
giulianoferri470@gmail.com|8-bit
ettore31@gmail.com|8-bit
sergiorandellini1943@gmail.com|8-bit
ovidia1921@gmail.com|8-bit
tega.bd@gmail.com|8-bit
marcelloconigliello@gmail.com|8-bit
marchisotti.luca@icloud.com|8-bit
deberst@gmail.com|8-bit
bonomiri65@gmail.com|8-bit
giorgeschi.daniele72@gmail.com|8-bit
riccardopoli70@gmail.com|8-bit
francoguidelli@gmail.com|8-bit
caronzio7878@gmail.com|8-bit
mariocarmine.devita@gmail.com|8-bit
gianluigi.malacchini@gmail.com|8-bit
valentinafei1978@gmail.com|8-bit
procida79@gmail.com|8-bit
cristinazemillila@gmail.com|8-bit
imbrugliamariarita67@gmail.com|8-bit
vanzangiorgio@gmail.com|8-bit
christianfagotto71@gmail.com|8-bit
arcieri.tony@gmail.com|8-bit
carmelinadagnillo5@gmail.com|8-bit
renzofantechi14@gmail.com|8-bit
loreclem.lc@gmail.com|8-bit
marcodongione@gmail.com|8-bit
buren80@gmail.com|8-bit
antonio.porseo@gmail.com|8-bit
tomcioffi61@gmail.com|8-bit
lotitovincenzo@gmail.com|8-bit
lucaturra51262@gmail.com|8-bit
orlandomatt46@gmail.com|8-bit
f.fedele1@gmail.com|8-bit
s.cariello67@gmail.com|8-bit
koredeakinfenwa1@gmail.com|8-bit
cello1970.mf@gmail.com|8-bit
matteofornasari669@gmail.com|8-bit
anna.ve.barboni@gmail.com|8-bit
francescasgrilli@gmail.com|8-bit
giulia.passanisi18@gmail.com|8-bit
rosapiovesan2@gmail.com|8-bit
mariani.mario49@gmail.com|8-bit
antoninorenna@gmail.com|8-bit
patrizianicolai67@gmail.com|8-bit
panattello4@gmail.com|8-bit
scheggia.it@gmail.com|8-bit
bonita732004@gmail.com|8-bit
vincenzaglpuccio@gmail.com|8-bit
tuzza.srl@gmail.com|8-bit
tuzzasrl@gmail.com|8-bit
antoniogiustosartirana@gmail.com|8-bit
vatemas1961@gmail.com|8-bit
simone.ganapini@gmail.com|8-bit
elleti.cartongesso@gmail.com|8-bit
walterjan978@gmail.com|8-bit
salvocancemi01@gmail.com|8-bit
mariabartoli7@gmail.com|8-bit
sgnagiu@gmail.com|8-bit
battista.cimmino@gmail.com|8-bit
sabatinogalluccio@gmail.com|8-bit
filippo95848@gmail.com|8-bit
miola.cortese@gmail.com|8-bit
fanizzo.sd@gmail.com|8-bit
hainam15099@gmail.com|8-bit
magnolomobili@gmail.com|8-bit
andr.zucca@gmail.com|8-bit
luigi.turtoro888@gmail.com|8-bit
matteobartolazzi88@gmail.com|8-bit
gasparedemedici@gmail.com|8-bit
sabinapesce21@gmail.com|8-bit
dott.robertodeluca@gmail.com|8-bit
14mario.colace@gmail.com|8-bit
danielefr71@gmail.com|8-bit
franco.aliano81@gmail.com|8-bit
giannicampioni63@gmail.com|8-bit
fabiano.ciarrocchi3@gmail.com|8-bit
mar.56602020@gmail.com|8-bit
annamba00@gmail.com|8-bit
riccardo_motta@fastwebnet.it|8-bit
luca.maddalena@gmail.com|8-bit
cristinamontale@gmail.com|8-bit
giusidipaoli67@gmail.com|8-bit
awfulgrind1966@gmail.com|8-bit
giuseppechiappetta34@gmail.com|8-bit
robertoamatorappresentanze@gmail.com|8-bit
m.enrica.ciceri@gmail.com|8-bit
sara.capussela.89@gmail.com|8-bit
alessiobranda@gmail.com|8-bit
alessandra.dicastri@gmail.com|8-bit
carmelito973@gmail.com|8-bit
tresoldi.domenico@gmail.com|8-bit
silvia.petrioli@gmail.com|8-bit
colombre65@gmail.com|8-bit
annaeremo56@gmail.com|8-bit
d.ciavarroni@gmail.com|8-bit
ing.alessio.panetta@gmail.com|8-bit
alexiocyr@gmail.com|8-bit
jacopo.radaelli88@gmail.com|8-bit
domibarreca56@gmail.com|8-bit
mauro.ceccacci@gmail.com|8-bit
ing.franco.guagnelli@gmail.com|8-bit
stefanopetruzzi@gmail.com|8-bit
agriturismolemagnoliebo@gmail.com|8-bit
francescopivetti6521@gmail.com|8-bit
micaela.monaco2012@gmail.com|8-bit
gianluca.picariello@gmail.com|8-bit
giuseppe.amendola983@gmail.com|8-bit
graziella.ud@gmail.com|8-bit
pezzulloelio@gmail.com|8-bit
giulioped62@gmail.com|8-bit
desiocoss@gmail.com|8-bit
marioamodiomail@gmail.com|8-bit
mardurso@gmail.com|8-bit
cettimazzeo@gmail.com|8-bit
maurofirmani6@gmail.com|8-bit
elleenneci@gmail.com|8-bit
donella.gemignani@gmail.com|8-bit
martina.broglia95@gmail.com|8-bit
bruno.pinaffo@gmail.com|8-bit
gianluca.mannino81@gmail.com|8-bit
carla.stoja@gmail.com|8-bit
luigicantoni1960@gmail.com|8-bit
gianpaolo.serpagli@gmail.com|8-bit
scandroglio4@gmail.com|8-bit
michelangelo.vigilante@gmail.com|8-bit
pizzur1958@gmail.con|8-bit
pizzur1958@gmail.com|8-bit
graziella.cestari55@gmail.com|8-bit
matteosart2026@gmail.com|8-bit
alice@sabatosaviello.com|8-bit
magriandrea1989@gmail.com|8-bit
lazzaro.paceschi@gmail.com|8-bit
corradogobbi66@gmail.com|8-bit
scorpione1944@gmail.com|8-bit
vitadavi@gmail.com|8-bit
lara.luca.albertini@gmail.com|8-bit
mic.calabrese.53@gmail.com|8-bit
robertobellinp@gmail.com|8-bit
scalza24@gmail.com|8-bit
pillola63@gmail.com|8-bit
gianfrancobertan47@gmail.com|8-bit
giacomo.dardano@gmail.com|8-bit
dottoreandrealaguzzi@gmail.com|8-bit
manuel.malini@gmail.com|8-bit
salvadoriambra51@gmail.com|8-bit
luigi.carafa.mail@gmail.com|8-bit
bonellamarco84@gmail.com|8-bit
edoardo.busso63@gmail.com|8-bit
alfredo.riva93@gmail.com|8-bit
gianoladaniela3@gmail.com|8-bit
silvansers@gmail.com|8-bit
tridicorosa74@gmail.com|8-bit
m.garavaglia80@gmail.com|8-bit
agranaro@gmail.com|8-bit
claudio.dinelli54@gmail.com|8-bit
ruoccotorre@gmail.com|8-bit
simonti.riccardo@gmail.com|8-bit
ff.crocetto@gmail.com|8-bit
lalbieri73@gmail.com|8-bit
halex.bruni@gmail.com|8-bit
doriano.naldi@gmail.com|8-bit
carmenioanacoste@gmail.com|8-bit
lena.locatelli36@gmail.com|8-bit
afalanga07@gmail.com|8-bit
antonio.falanga97@gmail.com|8-bit
amapietro@gmail.com|8-bit
monica.gentile62@gmail.com|8-bit
afrancisci12@gmail.com|8-bit
angelolucio.merulla@gmail.com|8-bit
giovanni.bisante@gmail.com|8-bit
scarabosio.oriana@gmail.com|8-bit
patrizia.dellagnese@gmail.com|8-bit
alessio.mignone@gmail.com|8-bit
scibilianino@gmail.com|8-bit
depasqualepaolo51@gmail.com|8-bit
michele.laurieri90@gmail.com|8-bit
giampi.pozzoli@gmail.com|8-bit
silvanasv47@gmail.com|8-bit
antonio.andreoni55@gmail.com|8-bit
gbob56376@gmail.com|8-bit
giacomo.ferrari993@gmail.com|8-bit
odraode.p1940@gmail.com|8-bit
gaetano65gaetano@gmail.com|8-bit
nicoletta.molteni1957@gmail.com|8-bit
digitaledolo@gmail.com|8-bit
angioliniviscardo@gmail.com|8-bit
andreo1970@gmail.com|8-bit
alfredo.caldiron@gmail.com|8-bit
guidoromano62@gmail.com|8-bit
ivan.bertocchi.894t@gmail.com|8-bit
erasmo1984@gmail.com|8-bit
spoletinistefano@gmail.com|8-bit
mirko.raffaella.alice@gmail.com|8-bit
ciroto96@gmail.com|8-bit
fborel71@gmail.com|8-bit
giuseppe.p65@gmail.com|8-bit
dandina2009@gmail.com|8-bit
zappataandrea@gmail.com|8-bit
moretto.stefano1@gmail.com|8-bit
brown.antonio23101964@gmail.com|8-bit
enrico.cotella@gmail.com|8-bit
giancarlo.baroncelli@gmail.com|8-bit
glucacaporusso@gmail.com|8-bit
maxpalat@gmail.com|8-bit
francescolionetti56@gmail.com|8-bit
fr.sanna80@gmail.com|8-bit
laviniaritaaccorsi@gmail.com|8-bit
ettore.teresa7@gmail.com|8-bit
tizianonarder@gmail.com|8-bit
volpe150@gmail.com|8-bit
gianni.brandani@gmail.com|8-bit
trevorsinclair2019@gmail.com|8-bit
trenta_a@icloud.com|8-bit
giovi.forna@gmail.com|8-bit
paolinopipito@gmail.com|8-bit
puccidelo@gmail.com|8-bit
chiotto@fastwebnet.it|8-bit
adelfonicolussi@gmail.com|8-bit
skatenatospano@gmail.com|8-bit
valeriovaleri.vv@gmail.com|8-bit
dibelloernesto@gmail.com|8-bit
massimilianopistilli@gmail.com|8-bit
giac.gor@gmail.com|8-bit
pegaso.selmi@gmail.com|8-bit
lgruppio@gmail.com|8-bit
oraziogianni@gmail.com|8-bit
cecchinigiuse@gmail.com|8-bit
melissalabbe87@gmail.com|8-bit
russo.ferdinando1963@gmail.com|8-bit
dimitrigreg73@gmail.com|8-bit
morattoerika0@gmail.com|8-bit
pinobutta@gmail.com|8-bit
rexgiuseppe.53@gmail.com|8-bit
simonettigiulia3@gmail.com|8-bit
m.raviola63@gmail.com|8-bit
b.ammirati79@gmail.com|8-bit
giovannigroppi2@gmail.com|8-bit
annapalmarisutri@gmail.com|8-bit
tifrasco62@gmail.com|8-bit
andrea.a.grotto@gmail.com|8-bit
nicolo.ricci21@gmail.com|8-bit
evagilardi75@gmail.com|8-bit
rega.ivana59@gmail.com|8-bit
elisa.berlaita@gmail.com|8-bit
bussomarco77@gmail.com|8-bit
cristina.candelli@studiocandelli.com|8-bit
edycocchio@gmail.com|8-bit
marcellofiorini1@gmail.com|8-bit
diegofregona61@gmail.com|8-bit
paokrea@gmail.com|8-bit
rosario.basiledelgrano@gmail.com|8-bit
miatelloroberto49@gmail.com|8-bit
fabrizio.melano.1@gmail.com|8-bit
luca1balconi1@gmail.com|8-bit
venari23.08@gmail.com|8-bit
millademillis@gmail.com|8-bit
analiataurino@gmail.com|8-bit
galaxand@gmail.com|8-bit
cynthia.ba@wanadoo.fr|8-bit
danieleraggi57@gmail.com|8-bit
mimmo.fraschini@gmail.com|8-bit
claudio.olivito79@gmail.com|8-bit
gregorioarquilla51@gmail.com|8-bit
enzo.santoro28@gmail.com|8-bit
gabriele.grosso95@gmail.com|8-bit
cocuzza.luisa@gmail.com|8-bit
ale.mortari75@gmail.com|8-bit
belvedere727@gmail.com|8-bit
viulenza@gmail.com|8-bit
stefanoalessio@gmail.com|8-bit
cristinasudati73@gmail.com|8-bit
luigina.bersi@gmail.com|8-bit
alessandromarino.bck@gmail.com|8-bit
carica102@gmail.com|8-bit
trebaluma@gmail.com|8-bit
u7662939844@gmail.com|8-bit
stefanocin40@gmail.com|8-bit
degiovanni.fdg@gmail.com|8-bit
danieleavola89@gmail.com|8-bit
manjane4001@gmail.com|8-bit
paol.bag@gmail.com|8-bit
mbugin77@gmail.com|8-bit
emanuela.ciucci@gmail.com|8-bit
padovandiego.pd@gmail.com|8-bit
info@brandsolversricami.com|8-bit
davide.argelli@gmail.com|8-bit
elena73bevini@gmail.com|8-bit
xsterj@gmail.com|8-bit
napoleonecane@gmail.com|8-bit
hakteron@gmail.com|8-bit
renato.candia1@gmail.com|8-bit
arcaliso@gmail.com|8-bit
barbara.boso02@gmail.com|8-bit
lillovecchio64@gmail.com|8-bit
anticacorte.brescia@gmail.com|8-bit
aldovigni1976@gmail.com|8-bit
rachele.carnemolla@gmail.com|8-bit
itonolix@gmail.com|8-bit
maurosavo72@gmail.com|8-bit
mollica.cinzia73@gmail.com|8-bit
gaetanoriccardoficarra@gmail.com|8-bit
giuliabortolan00@gmail.com|8-bit
laura.gandini61@gmail.com|8-bit
waltergumierato@gmail.com|8-bit
mapane60@gmail.com|8-bit
giuseppefin.br@gmail.com|8-bit
lillibis65@gmail.com|8-bit
bacarusbowling@gmail.com|8-bit
valter.defesti@gmail.com|8-bit
vivaigrazzinidavid@gmail.com|8-bit
info.davidtim@gmail.com|8-bit
ghezmarieva@gmail.com|8-bit
luigi.todisco254@gmail.com|8-bit
luanacastagna66@gmail.com|8-bit
mirella.valdinoci@gmail.com|8-bit
salviani.marisa@gmail.com|8-bit
patrizia.turini2018@gmail.com|8-bit
matteo3349@gmail.com|8-bit
antonello1962michelon@gmail.com|8-bit
enri.corti12@gmail.com|8-bit
roberto.sips@gmail.com|8-bit
lilli66.lr@gmail.com|8-bit
i.krankenhaus@gmail.com|8-bit
francescocondello1982@gmail.com|8-bit
tamagniniisabella@gmail.com|8-bit
conticellifrancesco56@gmail.com|8-bit
francotarulli61@gmail.com|8-bit
t.mancini.ap@gmail.com|8-bit
selvaticirenata@gmail.com|8-bit
guido66alice@gmail.com|8-bit
avallone.fabio@gmail.com|8-bit
francesco.borioni@gmail.com|8-bit
elioservi@gmail.com|8-bit
luigi.bizzozero@gmail.com|8-bit
uanmsim@gmail.com|8-bit
ravasicri@gmail.com|8-bit
carlaeoscar.46@gmail.com|8-bit
fabrinn1975@gmail.com|8-bit
lucaeraffy@gmail.com|8-bit
gas0968@gmail.com|8-bit
dallago.mariarosa@gmail.com|8-bit
pinucciarizzi.2019@gmail.com|8-bit
giliola.beatrici@gmail.com|8-bit
criluz49@gmail.com|8-bit
rinomond@gmail.com|8-bit
francolatempa54@gmail.com|8-bit
anto.pesci12@gmail.com|8-bit
claudiaiozzia@gmail.com|8-bit
0472fritz@gmail.com|8-bit
albertirappresentanze@gmail.com|8-bit
saspotti1@gmail.com|8-bit
mauriziogaffuri58@gmail.com|8-bit
saveriocarifi@gmail.com|8-bit
stefano20380@gmail.com|8-bit
bryangodwin77@gmail.com|8-bit
capezzuolimarco1960@gmail.com|8-bit
giannigottardi27@gmail.com|8-bit
raffaelerinaldi957@gmail.com|8-bit
danna@gallo-partners.it|8-bit
simonegrisolia72@gmail.com|8-bit
angelo.passariello@gmail.com|8-bit
bernigab62@gmail.com|8-bit
filippo.spallina@gmail.com|8-bit
martecco.mansurina@gmail.com|8-bit
marionapoleone1981@gmail.com|8-bit
danielazendroni@gmail.com|8-bit
giovannilarosa65@gmail.com|8-bit
lucamoira1@gmail.com|8-bit
mastrillic@gmail.com|8-bit
claudio.rustichelli@gmail.com|8-bit
theresia.strobl50@gmail.com|8-bit
seccospilimbergo@gmail.com|8-bit
roberto.morelli13@gmail.com|8-bit
roberto.morelli2015@gmail.com|8-bit
num.unoo@gmail.com|8-bit
elenaborri@gmail.com|8-bit
paolocamponeschi70@gmail.com|8-bit
g.temporiti68@gmail.com|8-bit
scanavaccagiovanni@gmail.com|8-bit
donatellasoligo02@gmail.com|8-bit
massimobianco967@gmail.com|8-bit
andrea.vigliocco@gmail.com|8-bit
clabo62@gmail.com|8-bit
chiara.maglioni60@gmail.com|8-bit
pierluigi.marino67@gmail.com|8-bit
arisgio6898@gmail.com|8-bit
matihell09@gmail.com|8-bit
cate.rigoni@gmail.com|8-bit
stardust5555@gmail.com|8-bit
caterinadefalco2@gmail.com|8-bit
guido.leonardi2@gmail.com|8-bit
francesco47.spampinato@gmail.com|8-bit
seric4110@gmail.com|8-bit
giorgio.pintore79@gmail.com|8-bit
callistocosimo1975@gmail.com|8-bit
mntbgi@gmail.com|8-bit
vanin.nicola@gmail.com|8-bit
roccocard04@gmail.com|8-bit
gf.desana@icloud.com|8-bit
sboy13997@gmail.com|8-bit
zilimail69@gmail.com|8-bit
cripkcf@gmail.com|8-bit
stefano.diozzi@gmail.com|8-bit
amadeolor@gmail.com|8-bit
annamariafezzi@gmail.com|8-bit
alessandro.pircali@gmail.com|8-bit
giovanna.biscardi0@gmail.com|8-bit
mottaelio56@gmail.com|8-bit
giovanni.iozia@gmail.com|8-bit
1897nico@gmail.com|8-bit
giuseppe.addeo84@gmail.com|8-bit
silvia82sgmr@gmail.com|8-bit
lucia.dellangelo21@gmail.com|8-bit
fabiomotoman75@gmail.com|8-bit
stefanialido@gmail.com|8-bit
andreaursini0@gmail.com|8-bit
angelomeli86@gmail.com|8-bit
mereu.gior52@gmail.com|8-bit
diste1883@gmail.com|8-bit
sergio.gianolla@gmail.com|8-bit
timekeeperone@gmail.com|8-bit
contisilv50@gmail.com|8-bit
andrea.petrella71@gmail.com|8-bit
emilio66.124@gmail.com|8-bit
imaginativebloom@gmail.com|8-bit
davidec399@gmail.com|8-bit
dielon.6063@gmail.com|8-bit
giuseppe.bozzi64@gmail.com|8-bit
boiettigilberto@gmail.com|8-bit
gilbertialice@gmail.com|8-bit
agenore.lb@gmail.com|8-bit
aristide.plebani49@gmail.com|8-bit
l.simonelli@me.com|8-bit
heiniger.jelo@gmail.com|8-bit
florinda.napolitano59@gmail.com|8-bit
caputomgc@gmail.com|8-bit
giordano.bozzola@gmail.com|8-bit
flisimaura@gmail.com|8-bit
sbrunelli64@gmail.com|8-bit
maspe.5315@gmail.com|8-bit
roberto.bottini65@gmail.com|8-bit
albertocostanzelli@gmail.com|8-bit
mondinmirko1@gmail.com|8-bit
sam377269@gmail.com|8-bit
desmolu75@gmail.com|8-bit
ro46maroni@gmail.com|8-bit
samuele.germiniani@gmail.com|8-bit
primicerym@gmail.com|8-bit
hullweck.enrico@gmail.com|8-bit
diegosa49@gmail.com|8-bit
lucamancini1712@gmail.com|8-bit
emilio.crotti@icloud.com|8-bit
silviaiannello12@gmail.com|8-bit
ezioghiglia407@gmail.com|8-bit
barbara.ianderca@gmail.com|8-bit
stellino.impianti@gmail.com|8-bit
diegostabio5470@gmail.com|8-bit
tiziano.sangiorgi@icloud.com|8-bit
testa.piera@gmail.com|8-bit
klarth.curtiss@gmail.com|8-bit
emanuele.catozzi40@gmail.com|8-bit
claudiotomatis69@gmail.com|8-bit
tidofechi@gmail.com|8-bit
pelletteriascalvini@gmail.com|8-bit
grillogiacomo1@gmail.com|8-bit
frigerio.giovanna76@gmail.com|8-bit
geom.quaggiotti@gmail.com|8-bit
davideprom1401@gmail.com|8-bit
antonio.attianese2021@gmail.com|8-bit
digraziaumberto01@gmail.com|8-bit
sterosy1985@gmail.com|8-bit
luca.mazzoni.s87@gmail.com|8-bit
daniela.vaccari14@gmail.com|8-bit
teodosioantonio03@gmail.com|8-bit
decastroezio@gmail.com|8-bit
brunopozzi54@gmail.com|8-bit
jonathan.cascio81@gmail.com|8-bit
fa.magnadc@gmail.com|8-bit
pungolo64@gmail.com|8-bit
silvio.pace@icloud.com|8-bit
fornaroli55@gmail.com|8-bit
michelalarosa96@gmail.com|8-bit
dcarabelli67@gmail.com|8-bit
pinkop58@gmail.com|8-bit
alberto.flaim@konmail.net|8-bit
giovanni.piazza67@gmail.com|8-bit
silvano.manetti.tv@gmail.com|8-bit
bertorelle56@gmail.com|8-bit
mircosilvia70@gmail.com|8-bit
gasolioblues@gmail.com|8-bit
giovannafontanelli04@gmail.com|8-bit
matteo.belullo@gmail.com|8-bit
robytinti15@gmail.com|8-bit
gamelio81@gmail.com|8-bit
m.mariariemma@gmail.com|8-bit
ivan.catenacci@icloud.com|8-bit
mauro.brignolo@gmail.com|8-bit
m.biscaro1970@gmail.com|8-bit
gdemaioster@gmail.com|8-bit
francescantonio.mancino@gmail.com|8-bit
impresaedile.operto@gmail.com|8-bit
laura.ska84@gmail.com|8-bit
pascamrz@gmail.com|8-bit
anto611029@gmail.com|8-bit
chianesefrancesco.68@gmail.com|8-bit
rosandroni504@gmail.com|8-bit
coopgasparri@gmail.com|8-bit
leno.bonsignori@gmail.com|8-bit
mariagrazia.nascia@gmail.com|8-bit
mariagrazianascia@gmail.com|8-bit
gianluca.cogoli@gmail.com|8-bit
marco.panciroli54@gmail.com|8-bit
spilledoro@gmail.com|8-bit
giosoft19@gmail.com|8-bit
giuseppesem19@gmail.com|8-bit
francesco.schiavone1263@gmail.com|8-bit
grace.61zanon@gmail.com|8-bit
cispa.srl2@gmail.com|8-bit
mirella.bonvicin@gmail.com|8-bit
giovy.na86@gmail.com|8-bit
giacobbegesmundo@gmail.com|8-bit
mazanet77@gmail.com|8-bit
faustalandi@gmail.com|8-bit
riccardomario.rossi@gmail.com|8-bit
fabbios57@gmail.com|8-bit
renfranz59@gmail.com|8-bit
dore741@protonmail.copm|8-bit
stefano.dolcino@gmail.com|8-bit
gersk82@gmail.com|8-bit
giuseppe.gola@gmail.com|8-bit
emanuela.bianchi1979@gmail.com|8-bit
chiara.bassan01@gmail.com|8-bit
daniele.delauretis@gmail.com|8-bit
frankpolinelli@gmail.com|8-bit
monica75ta@gmail.com|8-bit
doruboboc81@gmail.com|8-bit
mazzariolsara32@gmail.com|8-bit
reggianiluca1979@gmail.com|8-bit
bradipaquaglia@gmail.com|8-bit
adstudioavezzano@gmail.com|8-bit
marycell1949@gmail.com|8-bit
elle.casarini@gmail.com|8-bit
aprile.ventuno3@gmail.com|8-bit
elle.casarini@gamil.com|8-bit
davide.ragnetti@gmail.com|8-bit
stop81@gmail.com|8-bit
dcrippa91@gmail.com|8-bit
maurizio.caporini@gmail.com|8-bit
luciappolloni@me.com|8-bit
nuovapav.sperandio@gmail.com|8-bit
simmy2510@gmail.com|8-bit
battaniemilioa@gmail.com|8-bit
chiara.cesaretto31@gmail.com|8-bit
fontanelli.claudio@gmail.com|8-bit
babmarco@gmail.com|8-bit
chiaraturetta24@gmail.com|8-bit
giovannipellizzari54@gmail.com|8-bit
vocedipoeta@gmail.com|8-bit
jappolloni@gmail.com|8-bit
luke.ll7071@gmail.com|8-bit
albestoc@gmail.com|8-bit
silvia.capsoni@gmail.com|8-bit
michele.partenope@gmail.com|8-bit
casagrande.ciano@gmail.com|8-bit
arteficeatelier@gmail.com|8-bit
lorena.tararan@gmail.com|8-bit
boschandrea9@gmail.com|8-bit
mire.riatti@gmail.com|8-bit
albertini.favero@gmail.com|8-bit
martinello1974@gmail.com|8-bit
petshopzoosangiovanniroma@gmail.com|8-bit
nuvole1943@gmail.com|8-bit
robertocasciaro82@gmail.com|8-bit
valter.visnadi@gmail.com|8-bit
luigi74.guerri@gmail.com|8-bit
alessandrorapisardi@gmail.com|8-bit
mariacinzia563@gmail.com|8-bit
cesarecastagnoli@gmail.com|8-bit
piazzolidave@gmail.com|8-bit
carlameomatis@gmail.com|8-bit
mmethius@gmail.com|8-bit
francocapriotti1965@gmail.com|8-bit
sandramaddalena78@gmail.com|8-bit
cerciellofrancesco4@gmail.com|8-bit
sbassetti36@gmail.com|8-bit
bondini.luca@gmail.com|8-bit
francesco.zanibellato@gmail.com|8-bit
marinogioacchino4@gmail.com|8-bit
bucci74@gmail.com|8-bit
marialuisa.gambina@gmail.com|8-bit
holistichleo@gmail.com|8-bit
sissyss16@gmail.com|8-bit
simoncina0371@gmail.com|8-bit
peggi.agostino@gmail.com|8-bit
claudiocutri73@gmail.com|8-bit
rcazzaniga@gmail.com|8-bit
dalmatron1@gmail.com|8-bit
aldo.dominijanni@gmail.com|8-bit
ebforte62@gmail.com|8-bit
geronimobuglione@gmail.com|8-bit
max.canu10@gmail.com|8-bit
acliniga@gmail.com|8-bit
g.dipietro80@gmail.com|8-bit
brunabeppe61@gmail.com|8-bit
fernascozzi@gmail.com|8-bit
agobat63@gmail.com|8-bit
gian.dho70@gmail.com|8-bit
raffa.vaglia@gmail.com|8-bit
valevale444444@gmail.com|8-bit
valentid016@gmail.com|8-bit
gattomannaro76@gmail.com|8-bit
fedeli.bruno53@gmail.com|8-bit
gigialoj@gmail.com|8-bit
antonioborgese79@gmail.com|8-bit
lcoppini3280@gmail.com|8-bit
e.longaretti68@gmail.com|8-bit
wongjeong82@gmail.com|8-bit
arcalicealoisi@gmail.com|8-bit
danielettoandrea21@gmail.com|8-bit
claudiazanetti59@gmail.com|8-bit
arciereix35@gmail.com|8-bit
andreas.schuten@gmail.com|8-bit
avanzini.renato@gmail.com|8-bit
damapa68@gmail.com|8-bit
giuliabattisti87@gmail.com|8-bit
mauro.lavenuta72@gmail.com|8-bit
rino.leanza@gmail.com|8-bit
fabiosposetti77@gmail.com|8-bit
lorenzo.nirvana53@gmail.com|8-bit
giovanni.fava61@gmail.com|8-bit
marcello.malfi@gmail.com|8-bit
giovanni.squarise@gmail.com|8-bit
arosio.mail@gmail.com|8-bit
mailbox.arosio@gmail.com|8-bit
nicco.poggini@gmail.com|8-bit
sarabrichese357@gmail.com|8-bit
davidinozannino@gmail.com|8-bit
fabio.bonanni1967@gmail.com|8-bit
megaduck69@gmail.com|8-bit
alipgio@gmail.com|8-bit
giuseppececere90@gmail.com|8-bit
danielaorsina@gmail.com|8-bit
capitaniogiannicolo@gmail.com|8-bit
marcopedron74@gmail.com|8-bit
marcosterna.esm@gmail.com|8-bit
rm.amministrazioni2006@gmail.com|8-bit
rdiamanti4@gmail.com|8-bit
ivanhjs@gmail.com|8-bit
decarloclara53@gmail.com|8-bit
cianein.3@gmail.com|8-bit
dcordeschi@icloud.com|8-bit
maurizio.basilio12@gmail.com|8-bit
ivana.guerrato38@gmail.con|8-bit
ivana.guerrato38@gmail.com|8-bit
ivana.guerrato@gmail.com|8-bit
cantonino68@gmail.com|8-bit
robertacovezzi@gmail.com|8-bit
artemidosphos@gmail.com|8-bit
spock971@gmail.com|8-bit
fambulcasa@gmail.com|8-bit
robbiati57@gmail.com|8-bit
paoloraffy.fon@gmail.com|8-bit
giovi.pellegrino9@gmail.com|8-bit
antoniodifilippo53@gmail.com|8-bit
kalos668@gmail.com|8-bit
juventinha@gmail.com|8-bit
geom.marano@gmail.com|8-bit
alessandrocianipasseri@gmail.com|8-bit
suzukidrz@gmail.com|8-bit
stemideosimo@gmail.com|8-bit
catespagg@gmail.com|8-bit
davide.sartori.posta@gmail.com|8-bit
benedetti.tiziana53@gmail.com|8-bit
gmartuccio68@gmail.com|8-bit
zanni356@gmail.com|8-bit
renatofare.63@gmail.com|8-bit
grisbiker@gmail.com|8-bit
fotografiapiraccivieste@gmail.com|8-bit
brunojazz51@gmail.com|8-bit
andriollowalter@gmail.com|8-bit
sciler.2000@gmail.com|8-bit
peppino.pelamatti1@gmail.com|8-bit
raddirem@gmail.com|8-bit
temugin10@gmail.com|8-bit
lilianalg.giordani@gmail.com|8-bit
roberto.veronese.1974@gmail.com|8-bit
22antonio87@gmail.com|8-bit
landicarlo24@gmail.com|8-bit
neweffebi@gmail.com|8-bit
cloudfice@gmail.com|8-bit
ada.invernizzi54@gmail.com|8-bit
crgrazzi@gmail.com|8-bit
violato56@gmail.com|8-bit
angelettapala50@gmail.com|8-bit
francescablasi983@gmail.com|8-bit
ava1@studioavantario.it|8-bit
monicaclab92@gmail.com|8-bit
cris.rabitti@gmail.com|8-bit
alatelmio@gmail.com|8-bit
simmy.sanna@gmail.com|8-bit
renatopenna51@gmail.com|8-bit
pellereisilvia@gmail.com|8-bit
griccobono58@gmail.com|8-bit
avv.fortinom@gmail.com|8-bit
antoniodifrancesco56@gmail.com|8-bit
augusto.malatrasi@gmail.com|8-bit
jwr1444@gmail.com|8-bit
valericomorisi@gmail.com|8-bit
nincialessio78@gmail.com|8-bit
faustoganza@gmail.com|8-bit
lisadoretto74@gmail.com|8-bit
fiorenzo.gherardi@gmail.com|8-bit
bruna.pennaecalamaio@gmail.com|8-bit
edile.manentig@gmail.com|8-bit
waltertommaso@gmail.com|8-bit
ansodano37@gmail.com|8-bit
malfatti.adriano@gmail.com|8-bit
simocescutti22@gmail.com|8-bit
18gil.vito@gmail.com|8-bit
carlomilani25@gmail.com|8-bit
rag.zuardi@gmail.com|8-bit
e.dodesini@gmail.com|8-bit
domenico.gelsumino@gmail.com|8-bit
cicognani.antonietta@gmail.com|8-bit
archimedeyppo@gmail.com|8-bit
andreaspera1974@gmail.com|8-bit
entratalibera38017@gmail.com|8-bit
sara.mariottijudesharp@gmail.com|8-bit
cesare.sole@gmail.com|8-bit
manfrinatodaniela@gmail.com|8-bit
antonio.colicchio@gmail.com|8-bit
annarita.cino@gmail.com|8-bit
mcamboni@gmail.com|8-bit
maurocapitani49@gmail.com|8-bit
cecimontecuccoli@gmail.com|8-bit
dbartolini6@gmail.com|8-bit
c.david1959@gmail.com|8-bit
manumorello86@gmail.com|8-bit
mariaelena.zuffi@gmail.com|8-bit
daniela.malagoli@gmail.com|8-bit
paolo.m.traverso@gmail.com|8-bit
agataprivitera@gmail.com|8-bit
davide.diba@gmail.com|8-bit
difrancia.nicola@gmail.com|8-bit
loredanaangelini.la@gmail.com|8-bit
ingmariobarbagallo@gmail.com|8-bit
gabrielepaulazzi@gmail.com|8-bit
angerettianna@gmail.com|8-bit
mrizzoncappellari@gmail.com|8-bit
sorianoanna.63@gmail.com|8-bit
antonio.fantechi@gmail.com|8-bit
cinzia.ema61@gmail.com|8-bit
tinamarchini01@gmail.com|8-bit
leonardo7121@gmail.com|8-bit
zor.paol65@gmail.com|8-bit
paolo.zorzi1@icloud.com|8-bit
rumore.marco@gmail.com|8-bit
emilianogigli79@gmail.com|8-bit
roberta.spreafico74@gmail.com|8-bit
ik2puy@gmail.com|8-bit
dececco.glauco@gmail.com|8-bit
mariellaboccia@gmail.com|8-bit
lucianorosso47@gmail.com|8-bit
ppnucc@gmail.com|8-bit
marcocaporale45@gmail.com|8-bit
loretobizzarri2014@gmail.com|8-bit
lorymado74@gmail.com|8-bit
giulio.raganelli68@gmail.com|8-bit
davide.croci70@gmail.com|8-bit
loredana.verardi@gmail.com|8-bit
eugenia.alberghini@gmail.com|8-bit
stbraga1960@gmail.com|8-bit
tacotinateach@gmail.com|8-bit
riccardiluca08@gmail.com|8-bit
fabiobaneschi@gmail.com|8-bit
grandeelena85@gmail.com|8-bit
constantin.negri@gmail.com|8-bit
ubertopieroni52@gmail.com|8-bit
autorip.girotto@gmail.com|8-bit
elia.franceschi16@gmail.com|8-bit
laura.berto1987@gmail.com|8-bit
umbertomaria.montevecchi@gmail.com|8-bit
blackmambafs77@gmail.com|8-bit
sasarugby59@gmail.com|8-bit
bibazanetti47@gmail.com|8-bit
robimatte@gmail.com|8-bit
salvadorvalter75@gmail.com|8-bit
iv3sld@gmail.com|8-bit
melato.lavezzo.alice.mail@gmail.com|8-bit
juricorradi89@gmail.com|8-bit
rosaeleo90@gmail.com|8-bit
massaroespedito1972@gmail.com|8-bit
backupcasellaalice@gmail.com|8-bit
toffanonadia902@gmail.com|8-bit
giuseppedenisi@gmail.com|8-bit
alessiogara75@gmail.com|8-bit
hai456@gmail.com|8-bit
sozzi.claudia57@gmail.com|8-bit
giusi.carrera@gmail.com|8-bit
g.marco.to.it.eu@gmail.com|8-bit
angelovalsecchi65@gmail.com|8-bit
enricogargiulo1942@gmail.com|8-bit
gargiuloenrico5@gmail.com|8-bit
maria.laura.g598@gmail.com|8-bit
agataritagalfano@gmail.com|8-bit
immaur@gmail.com|8-bit
egli2306@gmail.com|8-bit
mefistophele@gmail.com|8-bit
avv.sgambato@gmail.com|8-bit
marcobrisi6@gmail.com|8-bit
secton74@gmail.com|8-bit
aiello.mauro1@gmail.com|8-bit
frabergiu48@gmail.com|8-bit
olivialex600@gmail.com|8-bit
ziatata73@gmail.com|8-bit
nickvil1209@gmail.com|8-bit
viaroma.gestione@gmail.com|8-bit
chiccogiacchetti@gmail.com|8-bit
isa.bonaccorsi1@gmail.com|8-bit
crapoletta@gmail.com|8-bit
daviderossi50@gmail.com|8-bit
ag.antoniorizzo@gmail.com|8-bit
piero.disaverio@gmail.com|8-bit
fabrizio.donatoni1963@gmail.com|8-bit
carservicenovasiri@gmail.com|8-bit
max63.russo@gmail.com|8-bit
ale.baga0861@gmail.com|8-bit
italolillo58@gmail.com|8-bit
daniele.monisso@gmail.com|8-bit
vittorio.merk@gmail.com|8-bit
mauroorsi5@gmail.com|8-bit
feligr64@gmail.com|8-bit
france.faranna@gmail.com|8-bit
bacciumargherita422@gmail.com|8-bit
margheritabacciu433@gmail.com|8-bit
giuseppe.lozzi@icloud.com|8-bit
mimmolipira@gmail.com|8-bit
mad.giuss071@gmail.com|8-bit
mariotabasso42@gmail.com|8-bit
s.bovolenta1971@gmail.com|8-bit
marcelloaleandri@gmail.com|8-bit
francescoroi@contattosas.it|8-bit
criscuolosebastiano@gmail.com|8-bit
gcri@mek.dtu.dk|8-bit
romanogianfranco46@gmail.com|8-bit
davcamin@gmail.com|8-bit
beppesaletti@gmail.com|8-bit
tonia.caragiulo@gmail.com|8-bit
armandoesp63@gmail.com|8-bit
alexr.vicky@gmail.com|8-bit
luciano.lia1561986@gmail.com|8-bit
ss.taddia@gmail.com|8-bit
dittarolen@gmail.com|8-bit
peppe7313@gmail.com|8-bit
alessandraciroli@gmail.com|8-bit
danyrossi197510@gmail.com|8-bit
policastrosrl@gmail.com|8-bit
m.zampard@gmail.com|8-bit
orcola@gmail.com|8-bit
martines.gloria@gmail.com|8-bit
abonsignore1010@gmail.com|8-bit
rr.arrigoni@gmail.com|8-bit
mauropaletti19@gmail.com|8-bit
mbongiorni1984@gmail.com|8-bit
nbigano@gmail.com|8-bit
antoniobambini66@gmail.com|8-bit
andre.85643@gmail.com|8-bit
gioltese1946@gmail.com|8-bit
simone.dasara@gmail.com|8-bit
vincenzo.durzo74@gmail.com|8-bit
gaio.piero@gmail.com|8-bit
lauracaccia8@gmail.com|8-bit
simone.amato.personale@gmail.com|8-bit
gully70.ag@gmail.com|8-bit
franco.alvida@gmail.com|8-bit
giu.vitale68@gmail.com|8-bit
deflorio.berni@gmail.com|8-bit
vincypri@gmail.com|8-bit
n.bonaldo68@gmail.com|8-bit
monicare27@gmail.com|8-bit
chiara.merighi29@gmail.com|8-bit
aka.mappito@gmail.com|8-bit
laura.mantovanelli@gmail.com|8-bit
angelo.fetti@gmail.com|8-bit
karlacci@gmail.com|8-bit
aevolt58@gmail.com|8-bit
francocavi57@gmail.com|8-bit
osvaldocarnovale544@gmail.com|8-bit
ciprian.giu@gmail.com|8-bit
polo.matteo1@gmail.com|8-bit
lorettaperin@gmail.com|8-bit
robyradiante@gmail.com|8-bit
damaroby@gmail.com|8-bit
valentina84@126.com|8-bit
danieleb72@gmail.com|8-bit
melchioretto.fortunata@gmail.com|8-bit
andriangiovanni@gmail.com|8-bit
giadabergantini@gmail.com|8-bit
brunotosone1950@gmail.com|8-bit
cavfede@gmail.com|8-bit
mariapina.lemmo@gmail.com|8-bit
albanesi2005@gmail.com|8-bit
pcarena69@gmail.com|8-bit
paolo.fallavollita@gmail.com|8-bit
ej890sd@gmail.com|8-bit
grosafederica@gmail.com|8-bit
avv.andrea.cassese@gmail.com|8-bit
petrosimo.simo@gmail.com|8-bit
elybetty774@gmail.com|8-bit
massimo.agnoletto@gmail.com|8-bit
albertonervi50@gmail.com|8-bit
indiano71@gmail.com|8-bit
gian.colombatto@gmail.com|8-bit
carlo.treccani3@gmail.com|8-bit
gianfrancoritrovato61@gmail.com|8-bit
corti.redaelli@gmail.com|8-bit
l.dalfonso78@gmail.com|8-bit
cristina.lanfranca@gmail.com|8-bit
ela.cer@icloud.com|8-bit
peppemo.bkp@gmail.com|8-bit
thedragonite@gmail.com|8-bit
r.luigi15@gmail.com|8-bit
saharhanna.saad@gmail.com|8-bit
mn011013@gmail.com|8-bit
paolo.e1931@gmail.com|8-bit
staiti.cettina@gmail.com|8-bit
m.piero76@gmail.com|8-bit
alessandroliberti656@gmail.com|8-bit
nowakmarta80@gmail.com|8-bit
luca.beghe@gmail.com|8-bit
g.lotito89@gmail.com|8-bit
robertabenazzi90@gmail.com|8-bit
alessio.7mbre@gmail.com|8-bit
cinzia7mbre@gmail.com|8-bit
guido.settembre69@gmail.com|8-bit
conticello.a@gmail.com|8-bit
alberto.altamarea@gmail.com|8-bit
lacarbonarag@gmail.com|8-bit
sandro.cardaci@gmail.com|8-bit
icoss76@gmail.com|8-bit
lifesmilesdonna@gmail.com|8-bit
bregantinbenito@gmail.com|8-bit
famigliamerlo2002@gmail.com|8-bit
dori.franco38@gmail.com|8-bit
info@mizartrade.com|8-bit
raffa211071@gmail.com|8-bit
marcomeconi@me.com|8-bit
ilariabettoni03@gmail.com|8-bit
maubriz@gmail.com|8-bit
cosimozona76@gmail.com|8-bit
carmelo50campione@gmail.com|8-bit
gian4470@gmail.com|8-bit
colagi@gmail.com|8-bit
fabrizio66@cheapnet.it|8-bit
pacantafio@gmail.com|8-bit
gianbusacca@gmail.com|8-bit
nbaddays05@gmail.com|8-bit
pulnar@gmail.com|8-bit
antonello.fincato@gmail.com|8-bit
massimovannuzzi@gmail.com|8-bit
au.ugolini@gmail.com|8-bit
ivo.arcangeli@gmail.com|8-bit
stefano.molteni.64@gmail.com|8-bit
ckalafatis@gmail.com|8-bit
geodigrazia@gmail.com|8-bit
impicciche.rosanna@gmail.com|8-bit
annarita.bellisari@gmail.com|8-bit
latina.cocchi@gmail.com|8-bit
gpara64@gmail.com|8-bit
fernandocupaioli@gmail.com|8-bit
andrea.nonino+alice@gmail.com|8-bit
unitretirano@gmail.com|8-bit
bdtermoclima@gmail.com|8-bit
monicagennaro71@gmail.com|8-bit
peduzzigiovanni@gmail.com|8-bit
frankgerry.italy@gmail.com|8-bit
giannarelliemanuela@gmail.com|8-bit
fed.lombardi1@gmail.com|8-bit
renzo.belossi@gmail.com|8-bit
papirro68@gmail.com|8-bit
elena.denardi.2019@gmail.com|8-bit
belloniannarita@gmail.com|8-bit
roberto73.cannata@gmail.com|8-bit
ele.dona.ed@gmail.com|8-bit
annaziruddu52@gmail.com|8-bit
gianni.sichera65@gmail.com|8-bit
filippo.ringressi@gmail.com|8-bit
alessandropadoan1963@gmail.com|8-bit
gigibisa59@gmail.com|8-bit
piero.rotolo64@gmail.com|8-bit
giuseppecannizzaro65@gmail.com|8-bit
cia.lai61@gmail.com|8-bit
13berberis@gmail.com|8-bit
cippamv@gmail.com|8-bit
luanarota85@gmail.com|8-bit
ranieri.ceschin@gmail.com|8-bit
rambo947.rr@gmail.com|8-bit
pierodefeudis55@gmail.com|8-bit
francesco69valenti@gmail.com|8-bit
giovannialfano1000@gmail.com|8-bit
caboni.mario.38@gmail.com|8-bit
caboni.mario38@gmail.com|8-bit
mariocaboni38@gmail.com|8-bit
giov.bru80@gmail.com|8-bit
giaconi.n@gmail.com|8-bit
massimo.deroit@gmail.com|8-bit
stradiottochiara@gmail.com|8-bit
giuseppe.arnosio@gmail.com|8-bit
montersino.ing.luca@gmail.com|8-bit
giorgettiped@gmail.com|8-bit
valter65.lucietto@icloud.com|8-bit
zarafrancesco783@gmail.com|8-bit
mauriziofestari@gmail.com|8-bit
giannialesi84@gmail.com|8-bit
giulio.taccari@gmail.com|8-bit
drginocaputo@gmail.com|8-bit
teresa.santaroni@gmail.com|8-bit
antonio.sandona1955@gmail.com|8-bit
effenne25@gmail.com|8-bit
nicolamacchia88@gmail.com|8-bit
wgui7292@gmail.com|8-bit
settesoldip@gmail.com|8-bit
annableddyn@gmail.com|8-bit
santos68@gmail.com|8-bit
m4x1m081@gmail.com|8-bit
carmelosorce43@gmail.com|8-bit
martinomaria114@gmail.com|8-bit
marco.durigon76@gmail.com|8-bit
pallweber.j@gmail.com|8-bit
steccaus104@gmail.com|8-bit
minacom66@gmail.com|8-bit
walanoide@gmail.com|8-bit
lorena.giacomini67@gmail.com|8-bit
anna.omarini@gmail.com|8-bit
enza.gaziano3@gmail.com|8-bit
giannibac@gmail.com|8-bit
geom.cecilia@gmail.com|8-bit
giscaglione@gmail.com|8-bit
raffaeleperna.56@gmail.com|8-bit
luciano.martinuzzo@gmail.com|8-bit
leonardoboido.69@gmail.com|8-bit
rossimas1960@gmail.com|8-bit
g.ruvutuso26@gmail.com|8-bit
tatatarchini@gmail.com|8-bit
renato.sanvito59@gmail.com|8-bit
luigi.bettoni58@gmail.com|8-bit
lucianodora7476@gmail.com|8-bit
gio.togna@gmail.com|8-bit
pas.sav58@gmail.com|8-bit
bnegrialice@gmail.com|8-bit
fcappy@gmail.com|8-bit
agostino.bonasera@gmail.com|8-bit
mariafrancescacale@gmail.com|8-bit
marzilliantonio@gmail.com|8-bit
claudia.tmssn@gmail.com|8-bit
pietro.borsa@gmail.com|8-bit
assuntadebiase89@gmail.com|8-bit
calzegigi@gmail.com|8-bit
benlupo63@gmail.com|8-bit
gitrano@gmail.com|8-bit
c.dba70@gmail.com|8-bit
william.bredariol@gmail.com|8-bit
bufariniandrea@gmail.com|8-bit
studiofd77@gmail.com|8-bit
cloredana262@gmail.com|8-bit
andreazanusso68@gmail.com|8-bit
alessandro11bibbo73@gmail.com|8-bit
matranga.pietro25@gmail.com|8-bit
aldogrecoa@gmail.com|8-bit
dariocroatto12@gmail.com|8-bit
ilaria.bastasin@gmail.com|8-bit
perandrea80@gmail.com|8-bit
eliogel.eg@gmail.com|8-bit
fabycazz79@gmail.com|8-bit
cscamburrino@gmail.com|8-bit
isa.ballotta.ib@gmail.com|8-bit
serena.costa79@gmail.com|8-bit
bibasa74@gmail.com|8-bit
pguzzetti@gmail.com|8-bit
andrea.bassanetti@netbas.it|8-bit
eugeniaguizz@gmail.com|8-bit
seb.brambilla@gmail.com|8-bit
giancarlosonaglioni@gmail.com|8-bit
pattisanto9@gmail.com|8-bit
fernando.olivieri1941@gmail.com|8-bit
elenagiamila@gmail.com|8-bit
carlocammarota56@gmail.com|8-bit
monino76@gmail.com|8-bit
faroni.adriana@gmail.com|8-bit
silvanauda65@gmail.com|8-bit
domenicoserrano99@gmail.com|8-bit
paola956pc@gmail.com|8-bit
f.martelli1970@gmail.com|8-bit
iflonida.oric@gmail.com|8-bit
vincenzadimarco2018@gmail.com|8-bit
crea20756@gmail.com|8-bit
giuseppeferraro401@gmail.com|8-bit
vclangelo1@gmail.com|8-bit
critecilla@gmail.com|8-bit
italo.demarch65@gmail.com|8-bit
voccaanna@gmail.com|8-bit
mariafrancaronconi@gmail.com|8-bit
federicobeneton@gmail.com|8-bit
dicarloponteggi@gmail.com|8-bit
luigistefanato1965@gmail.com|8-bit
ms.marco09@gmail.com|8-bit
ceccodigagno@gmail.com|8-bit
stefanos964@gmail.com|8-bit
peterploner73@gmail.com|8-bit
lancellotti.luca75@gmail.com|8-bit
daviderubin78@gmail.com|8-bit
pompiere1983@gmail.com|8-bit
dimarcoa54201@gmail.com|8-bit
carreras.p57@gmail.com|8-bit
rolando.psara@gmail.com|8-bit
giuseppeperandrea@gmail.com|8-bit
franca.maffei68@gmail.com|8-bit
fgalimba68@gmail.com|8-bit
romacristina68@gmail.com|8-bit
manzone.l96@gmail.com|8-bit
simona.arigliano@gmail.com|8-bit
milianiroberto@gmail.com|8-bit
ercoliniluciamelissa@gmail.com|8-bit
giuseppinavignola1957@gmail.com|8-bit
riassetto1950@gmail.com|8-bit
profetagiorgio@gmail.com|8-bit
santini.william.54@gmail.com|8-bit
nolascofilippo5@gmail.com|8-bit
bragagnolomauro69@gmail.com|8-bit
gianluca.musante@gmail.com|8-bit
cmax7454@gmail.com|8-bit
caterina.screnci56@gmail.com|8-bit
mariellacrucitti72@gmail.com|8-bit
ruggeri.riccardo5@gmail.com|8-bit
negrinivannimariano@gmail.com|8-bit
carlo.bruni001@gmail.com|8-bit
caminmauro@gmail.com|8-bit
dolce.beppe@gmail.com|8-bit
molinari.p42@gmail.com|8-bit
sandrozago71@gmail.com|8-bit
carlaanzola61@gmail.com|8-bit
rahymespagnol@gmail.com|8-bit
paciarina@gmail.com|8-bit
antonio.rosario.destefa@gmail.com|8-bit
massimoraimondo008@gmail.com|8-bit
jdani58@gmail.com|8-bit
dicristoforodaniele@gmail.com|8-bit
tresetteotto@gmail.com|8-bit
francescogermole@gmail.com|8-bit
damianomarco86@gmail.com|8-bit
ilariamassi28@gmail.com|8-bit
guin.eliseo@cibunigas.it|8-bit
cassonefrancesco78@gmail.com|8-bit
giovannialberti87@gmail.com|8-bit
roberto.colucci1964@gmail.com|8-bit
rexrossana@gmail.com|8-bit
ioglioantonio@icloud.com|8-bit
claudiaderosa77@gmail.com|8-bit
lucaguarino2011@gmail.com|8-bit
santesforza@gmail.com|8-bit
dongiovanni.afker@gmail.com|8-bit
sirio.frugoni@gmail.com|8-bit
ctistian.colombo84@gmail.com|8-bit
mbotin@gmail.com|8-bit
alessialorenzoni22@gmail.com|8-bit
mj9352154@gmail.com|8-bit
amantoniomasone@gmail.com|8-bit
imparerai.mf@gmail.com|8-bit
c.nazzi13@gmail.com|8-bit
gnnnroberto@gmail.com|8-bit
kappakinkle@gmail.com|8-bit
morenostagi@gmail.com|8-bit
gabrielebassifi@gmail.com|8-bit
fpaolo156@gmail.com|8-bit
thebubblesidea@gmail.com|8-bit
gabrymedinweb@gmail.com|8-bit
francesco.mantovani.fm@gmail.com|8-bit
crimasealice.it@gmail.com|8-bit
chiarapergreffi@gmail.com|8-bit
pietro.prandi1977@gmail.com|8-bit
remo.tomasi55@gmail.com|8-bit
85arzo@gmail.com|8-bit
gianlucaranieri.info@gmail.com|8-bit
soloiohoquest@gmail.com|8-bit
pieramusselli70@gmail.com|8-bit
alfredo.pistone.it+da_alice@gmail.com|8-bit
monica.ramaglietta@gmail.com|8-bit
sarata703@gmail.com|8-bit
pietrorealmec67@gmail.com|8-bit
pietrosciama@gmail.com|8-bit
sciama2020@gmail.com|8-bit
emilionicotracj@gmail.com|8-bit
stefano.studio.3@gmail.com|8-bit
roberto.ferracin0@gmail.com|8-bit
rossettimonica.rm@gmail.com|8-bit
elisa.tobaldo72@gmail.com|8-bit
alessandro.pagliaroli@gmail.com|8-bit
aylabellamy17@gmail.com|8-bit
trazmon85@gmail.com|8-bit
yari.butti26@gmail.com|8-bit
manzoriccardi@gmail.com|8-bit
alefalbo14@gmail.com|8-bit
iacomettimichela@gmail.com|8-bit
sabry.massy20@gmail.com|8-bit
marcoliva35@gmail.com|8-bit
fernalando61@gmail.com|8-bit
studiograssigli@gmail.com|8-bit
damianopisi@gmail.com|8-bit
muffolo76@gmail.com|8-bit
alessandro.gaddo@gmail.com|8-bit
luigi.canova77@gmail.com|8-bit
circolopdrolo@gmail.com|8-bit
daniela.camurri@gmail.com|8-bit
icamcristian@gmail.com|8-bit
corsicoagostino@gmail.com|8-bit
laboratorioatletico@gmail.com|8-bit
enricobeccaria64@gmail.com|8-bit
silvanagiardiello3@gmail.com|8-bit
albertogiovanelli27@gmail.com|8-bit
mirtillo52@gmail.com|8-bit
salvatorimagnani@gmail.com|8-bit
babbinirosa84@gmail.com|8-bit
massimo.modesto@gmail.com|8-bit
m.maochan.g@gmail.com|8-bit
elisabetta.gandini43@gmail.com|8-bit
antchil88@gmail.com|8-bit
sere.sicurani@gmail.com|8-bit
nicozano85@gmail.com|8-bit
luiginoconzon@gmail.com|8-bit
mastrocinqueanna@gmail.com|8-bit
lodovicigiovanni70@gmail.com|8-bit
ivan.costa200786@gmail.com|8-bit
ginoceru59@gmail.com|8-bit
danielegabriele57@gmail.com|8-bit
kalecentrobenessere@gmail.com|8-bit
alberto.crippa04@gmail.com|8-bit
1961fra@gmail.com|8-bit
derrik2210@gmail.com|8-bit
bolpato67@gmail.com|8-bit
sabifonta.sf@gmail.com|8-bit
mauro.cibin.64@gmail.com|8-bit
angelica.caffino@gmail.com|8-bit
zurriga@gmail.com|8-bit
nadya.umberto.honda@gmail.com|8-bit
c.t.m.felice@gmail.com|8-bit
danielagenesio@gmail.com|8-bit
angelaromeo924@gmail.com|8-bit
delkron75@gmail.com|8-bit
marco.alborali@gmail.com|8-bit
moni.zamboni@gmail.com|8-bit
zignek@gmail.com|8-bit
giofoti66@gmail.com|8-bit
michele.pace.12@gmail.com|8-bit
elisa.termanini@gmail.com|8-bit
angelo.dantoni60@gmail.com|8-bit
pierangelomonica.1068mm@gmail.com|8-bit
tufanogiuseppe026@gmail.com|8-bit
morenodalbello4@gmail.com|8-bit
chigus78@gmail.com|8-bit
maurizio.cavaletti1950@gmail.com|8-bit
casamadremgesvarallo@gmail.com|8-bit
tabaccheriafacchini@gmail.com|8-bit
cornaro.alessandra@gmail.com|8-bit
nancyeliz569@gmail.com|8-bit
musmecigianluca@gmail.com|8-bit
giorgiaverdecchia00@gmail.com|8-bit
pinochisari71@gmail.com|8-bit
williamvmarino@gmail.com|8-bit
galelli.com@gmail.com|8-bit
s.vannini0254@gmail.com|8-bit
batigol77@gmail.com|8-bit
talusporto@gmail.com|8-bit
antonellazangari6@gmail.com|8-bit
martino.garolla62@gmail.com|8-bit
felice1962.p@gmail.com|8-bit
bernieri.fra@gmail.com|8-bit
donatellasacchi6@gmail.com|8-bit
claudiovolpini88@gmail.com|8-bit
andrea.mombelli0@gmail.com|8-bit
steatir@gmail.com|8-bit
gluca.cu@gmail.com|8-bit
mauro.speziale@gmail.com|8-bit
antoniodonofrios02@gmail.com|8-bit
pilatosilvio@gmail.com|8-bit
massimoporfilio1973@gmail.com|8-bit
tam.redis@gmail.com|8-bit
alessio.dippolito91@gmail.com|8-bit
antonella.lani63@gmail.com|8-bit
dott.francescocaroprese@gmail.com|8-bit
giorgio@mail.gte.it|8-bit
eliosereno36@gmail.com|8-bit
savbor43@gmail.com|8-bit
costantino.lassandro@gmail.com|8-bit
pietrolando1@gmail.com|8-bit
aleghiddi69@gmail.com|8-bit
barbarafantino72@gmail.com|8-bit
vallefuocomichele89@gmail.com|8-bit
massimoballuchi@gmail.com|8-bit
marco.olivieri1994@gmail.com|8-bit
chrigenoa@gmail.com|8-bit
alepo67@gmail.com|8-bit
valterbn47@gmail.com|8-bit
annapaolaboniolo@gmail.com|8-bit
giozaccaria72@gmail.com|8-bit
fernandomartignoni@gmail.com|8-bit
tozzi.ruggero@gmail.com|8-bit
alessia.mazza88@gmail.com|8-bit
publiob64@gmail.com|8-bit
bruno.renoldi@gmail.com|8-bit
lomary1312@gmail.com|8-bit
gabrimoschi@gmail.com|8-bit
ita.galfano@gmail.com|8-bit
pinorosati.personaltrainer@gmail.com|8-bit
veralicciardello56@gmail.com|8-bit
dealesalberto@gmail.com|8-bit
paolocammilli82@gmail.com|8-bit
desmo2@gmail.com|8-bit
davide8485@icloud.com|8-bit
proietticiaffi.marco@gmail.com|8-bit
macalusonio@gmail.com|8-bit
lombardacostruzioni@gmail.com|8-bit
civa.paolo@gmail.com|8-bit
theandreflor@gmail.com|8-bit
davzin2@gmail.com|8-bit
agpistello@gmail.com|8-bit
marco.vadori1963@gmail.com|8-bit
g.cenci72@gmail.com|8-bit
martino.parisi11@gmail.com|8-bit
dbarbariga@gmail.com|8-bit
luigi.donetto46@gmail.com|8-bit
facchi88.af@gmail.com|8-bit
sandrostarnini1956@gmail.com|8-bit
antoniotomasello67@gmail.com|8-bit
giadadallera@gmail.com|8-bit
oswoldgm@gmail.com|8-bit
turletto68@gmail.com|8-bit
presidentecono@gmail.com|8-bit
rosellina.darpe@gmail.com|8-bit
peppe.furno@gmail.com|8-bit
greinermichelle50@gmail.com|8-bit
mina.mc.3v@gmail.com|8-bit
rickysegnana@gmail.com|8-bit
marziomartini70@gmail.com|8-bit
dracugol86@gmail.com|8-bit
antonio.benedetto65@gmail.com|8-bit
info@bobgru.it|8-bit
peppedilello@gmail.com|8-bit
bottinidanilo@gmail.com|8-bit
andrea.frassine@gmail.com|8-bit
anto.chiacchiara@gmail.com|8-bit
antonio.paolo.colonna@gmail.com|8-bit
donato.fuschi64@gmail.com|8-bit
amatoresrino@gmail.com|8-bit
frankdef@gmail.com|8-bit
antonio.na.to.957@gmail.com|8-bit
angyful62@gmail.com|8-bit
digitalzide@gmail.com|8-bit
isicorti@gmail.com|8-bit
noellarossimakeup@gmail.com|8-bit
valebaso81.vb@gmail.com|8-bit
mauromlado@gmail.com|8-bit
azinno88@gmail.com|8-bit
grecovanessa74@gmail.com|8-bit
prenotami.org@gmail.com|8-bit
edgardo.santamaria.es@gmail.com|8-bit
dany6178@gmail.com|8-bit
m.depastena@gmail.com|8-bit
mircoeilenia2008@gmail.com|8-bit
bessoneroberto1912@gmail.com|8-bit
paolosantinips@gmail.com|8-bit
mariacocola6@gmail.com|8-bit
lia.rosano@gmail.com|8-bit
alfiobr070170@gmail.com|8-bit
fernandafazio22@gmail.com|8-bit
giorgio.iacobone55@gmail.com|8-bit
franco.zorzet@gmail.com|8-bit
mario.sartor71@gmail.com|8-bit
gianpaolo.colombo59@gmail.com|8-bit
ceciliaaantonioli@gmail.com|8-bit
carmenric111@gmail.com|8-bit
emiliano.castaldo@gmail.com|8-bit
nante0354@gmail.com|8-bit
antonellasimonetti5@gmail.com|8-bit
f.ferri1960@gmail.com|8-bit
giovannamazza017@gmail.com|8-bit
annalisafabbri1930@gmail.com|8-bit
giannimiloni@gmail.com|8-bit
aldo.pozzi.40@gmail.com|8-bit
francesca.santi81@gmail.com|8-bit
carbagno@gmail.com|8-bit
rosaria.matarazzo@gmail.com|8-bit
royale111111@gmail.com|8-bit
macelee7705@gmail.com|8-bit
enzocalamita13@gmail.com|8-bit
morelliemidio@gmail.com|8-bit
chianeseamalia2@gmail.com|8-bit
rohimrahmah7@gmail.com|8-bit
mfoglieres@gmail.com|8-bit
luca.santalucia78@gmail.com|8-bit
xlater@gmail.com|8-bit
dellatorre.annarosa@gmail.com|8-bit
stefano.carpera@gmail.com|8-bit
fabiopaggiaro@gmail.com|8-bit
possimatosilvio8@gmail.com|8-bit
g.dalessandro1978@gmail.com|8-bit
vivenzio44@gmail.com|8-bit
ale.scantamburlo@gmail.com|8-bit
bartfp1@gmail.com|8-bit
rosaliacastellese7@gmail.com|8-bit
fred.imola@gmail.com|8-bit
ivanocianfruglia@gmail.com|8-bit
bluca1966@gmail.com|8-bit
fabio1.boido@gmail.com|8-bit
lucaogliari2709@gmail.com|8-bit
adele.loccaso@gmail.com|8-bit
marco.bonetti1990@gmail.com|8-bit
annaluise100586@gmail.com|8-bit
didi.cerati@gmail.com|8-bit
michelepan80@gmail.com|8-bit
luanamariotti16@gmail.com|8-bit
architetto.bucherini@gmail.com|8-bit
mteresatrabattoni@gmail.com|8-bit
cospitogiuseppe@gmail.com|8-bit
simo.menabo72@gmail.com|8-bit
miciosh@gmail.com|8-bit
enrico.cagnoni82@gmail.com|8-bit
aurelio.imbornone@gmail.com|8-bit
pinamauriello1980@gmail.com|8-bit
salvino.contino@gmail.com|8-bit
biancamariamotta@gmail.com|8-bit
stefano.r1165@gmail.com|8-bit
bulachandreas@gmail.com|8-bit
costardig63@gmail.com|8-bit
58camaro58@gmail.com|8-bit
falzonimarco1@gmail.com|8-bit
mario.ze1967@gmail.com|8-bit
rebeccatsosie233@gmail.com|8-bit
b.talarico57@gmail.com|8-bit
talaricobiagio1@gmail.com|8-bit
paoladelbelbelluz@gmail.com|8-bit
giuseppe.digennaro50@gmail.com|8-bit
illesam62@gmail.com|8-bit
ivzingales@gmail.com|8-bit
ginadebole47@gmail.com|8-bit
lorogian1@gmail.com|8-bit
magrodavide63@gmail.com|8-bit
moldenhauermaria50@gmail.com|8-bit
bturbog@gmail.com|8-bit
bagozzi79@gmail.com|8-bit
paolettapeace@gmail.com|8-bit
manu.reindir@gmail.com|8-bit
gni.alessandro@gmail.com|8-bit
pierpaolo.pampolini@gmail.com|8-bit
amendolaloredana64@gmail.com|8-bit
vigna.fabio0@gmail.com|8-bit
simone.anselma@gmail.com|8-bit
patrizia.scozzarella@gmail.com|8-bit
glrestelli59@gmail.com|8-bit
ratzalf@gmail.com|8-bit
danidavidarch@gmail.com|8-bit
fabiocarenini1971@gmail.com|8-bit
davide.vaona@gmail.com|8-bit
bedidesi59@gmail.com|8-bit
mrnnna1959@gmail.com|8-bit
adelcu@gmail.com|8-bit
geometrapieroselmi@gmail.com|8-bit
giovanniilpatronato@gmail.com|8-bit
alebozzos@gmail.com|8-bit
franco65basso@gmail.com|8-bit
edilrinnova.sas@gmail.com|8-bit
rizzoalessio2000@gmail.com|8-bit
manfredigiorgio7@gmail.com|8-bit
adcost56@gmail.com|8-bit
mauroaramu.alice@gmail.com|8-bit
ixmazzi@gmail.com|8-bit
info@liuteriatonella.it|8-bit
info@emas1991.it|8-bit
agentcom.carlo@gmail.com|8-bit
arlidanna5@gmail.com|8-bit
very.giusti88@gmail.com|8-bit
eliver2000@gmail.com|8-bit
paoloxmen@gmail.com|8-bit
tavernalabottecremona@gmail.com|8-bit
silvia.malucchi@gmail.com|8-bit
msaccomano@gmail.com|8-bit
vannigraziani@gmail.com|8-bit
missprettykatecatherine@gmail.com|8-bit
isleman001@gmail.com|8-bit
nunziacolesanti@gmail.com|8-bit
alex.romy71@gmail.com|8-bit
annamaria.panno@gmail.com|8-bit
davidechecchin82@gmail.com|8-bit
lorisciva@gmail.com|8-bit
adrianoleoncino61@gmail.com|8-bit
rosaliaspiller73@gmail.com|8-bit
teresacaggese@gmail.com|8-bit
mattia.paiusco986@gmail.com|8-bit
silveriosalvatore.tore@gmail.com|8-bit
elveziosmeraldi45@gmail.com|8-bit
roberto.apazzi@gmail.com|8-bit
giovannagiudice.gg@gmail.com|8-bit
vmandrillo@gmail.com|8-bit
vito.guerrieri@gmail.com|8-bit
marcoluciana.80@gmail.com|8-bit
criptico_novanta_06@icloud.com|8-bit
lucapaci69@gmail.com|8-bit
mogliamanuela00@gmail.com|8-bit
lorenzini541@gmail.com|8-bit
keystation88@gmail.com|8-bit
albertazzi.marco1950@gmail.com|8-bit
fiorenzo.caponi@linea3.com|8-bit
nicolaroverso@gmail.com|8-bit
marco.cricri@gmail.com|8-bit
benedettofranca35@gmail.com|8-bit
azeezfatai646@gmail.com|8-bit
polidori.annam@gmail.com|8-bit
marcofacchin66@gmail.com|8-bit
neroniyuri@gmail.com|8-bit
elsaniessner@gmail.com|8-bit
decarloenzo@gmail.com|8-bit
rominarossi9133@gmail.com|8-bit
annarita.airola@gmail.com|8-bit
buffonioscar@gmail.com|8-bit
danielefrancesco.fortunato@gmail.com|8-bit
bruno.affrini@gmail.com|8-bit
philo.bertozzi@gmail.com|8-bit
v.ghisolfi@icloud.com|8-bit
emanuelabonanomi73@gmail.com|8-bit
damianogio@icloud.com|8-bit
caf.crespellano@gmail.com|8-bit
roberta.casadio66@gmail.com|8-bit
essedivi1961@gmail.com|8-bit
a.badanai68@gmail.com|8-bit
vivgrace592@gmail.com|8-bit
ladriano6827@gmail.com|8-bit
almarcuc53@gmail.com|8-bit
mariomanzi960@gmail.com|8-bit
giogel.relaz@gmail.com|8-bit
giorgio.gelmi@gmail.com|8-bit
rinobasilegabry@gmail.com|8-bit
barbara.clabacchi@gmail.com|8-bit
fiore.andrea1973@gmail.com|8-bit
fiore.andrea1976@gmail.com|8-bit
lauraliriel@gmail.com|8-bit
paoloevan69@gmail.com|8-bit
albertomtb@gmail.com|8-bit
augustonova42@gmail.com|8-bit
leschiera.s@gmail.com|8-bit
kevinpro64@gmail.com|8-bit
granbrakko@gmail.com|8-bit
borroniandre@gmail.com|8-bit
sergiomail36@gmail.com|8-bit
poetessa187@gmail.com|8-bit
e.barlocco@sfr.fr|8-bit
emiliobarlocco46@gmail.com|8-bit
tolomeo57@gmail.com|8-bit
carbonaropotito@gmail.com|8-bit
niki.nt64@gmail.com|8-bit
laclemenzia@gmail.com|8-bit
caccia669@gmail.com|8-bit
martignonimassimo055@gmail.com|8-bit
thuloan42m@gmail.com|8-bit
angipalmi58@gmail.com|8-bit
alice.reinoltrate@gmail.com|8-bit
waicamp56@gmail.com|8-bit
mario.russo461@gmail.com|8-bit
tiziano.tettamanzi63@gmail.com|8-bit
policeicpo15@gmail.com|8-bit
lucamusco1@gmail.com|8-bit
max.b971@gmail.com|8-bit
emalagolik@gmail.com|8-bit
ellycafai@gmail.com|8-bit
dylan10colin14@gmail.com|8-bit
maurizio.donada@gmail.com|8-bit
tavalazzi.g@gmail.com|8-bit
chiappinienzo@gmail.com|8-bit
giacomosalcipollina@gmail.com|8-bit
spiga.anna00@gmail.com|8-bit
riccardo.perona@gmail.com|8-bit
sale.giandomenico@gmail.com|8-bit
jason.griso@gmail.com|8-bit
olivadese.giuseppe@gmail.com|8-bit
andrea.bombelli25@gmail.com|8-bit
progettocasaverde1@gmail.com|8-bit
simonettielisabetta@gmail.com|8-bit
damorev@gmail.com|8-bit
bb.castiglia@gmail.com|8-bit
roblunedi@gmail.com|8-bit
v.zordan80@gmail.com|8-bit
antonellocarrucciu48@gmail.com|8-bit
vittoriomonti.167@gmail.com|8-bit
salvatoore.liardo@gmail.com|8-bit
chairman63@gmail.com|8-bit
iesse.demonte@gmail.com|8-bit
testatiziano.impiantielettrici@gmail.com|8-bit
salvo.scannella@gmail.com|8-bit
glass1965@gmail.com|8-bit
fabiocalvano621@gmail.com|8-bit
0110c.corbella@gmail.com|8-bit
gallosara76@gmail.com|8-bit
simonellimarco07@gmail.com|8-bit
lutshop161715@gmail.com|8-bit
padquale.teoli@gmail.com|8-bit
silvia.zaira@gmail.com|8-bit
mariabertucco15@gmail.com|8-bit
sergio.giolitocinema@gmail.com|8-bit
info@meccanica-precisione.com|8-bit
a.corradinizini@gmail.com|8-bit
annaeli.b78@gmail.com|8-bit
giuseppe.matteagi@gmail.com|8-bit
mazzola.gianluca@gmail.com|8-bit
davidemora.dm@gmail.com|8-bit
bordatiirene@gmail.com|8-bit
aspsrl25@gmail.com|8-bit
rosalombardi76@gmail.com|8-bit
claudiacale76@gmail.com|8-bit
nicgrex@gmail.com|8-bit
cristina.bernardi65@icloud.com|8-bit
terryag91@gmail.com|8-bit
giulio.intravaia@gmail.com|8-bit
marco.depaoli67@icloud.com|8-bit
flame94s@gmail.com|8-bit
danilovirga@gmail.com|8-bit
lamiaposta2012@gmail.com|8-bit
luigino.renzetti@gmail.com|8-bit
dbn.giuseppe@gmail.com|8-bit
fonzies333@gmail.com|8-bit
nino.fazio24@gmail.com|8-bit
adegalb@gmail.com|8-bit
cafagnarosanna@gmail.com|8-bit
borzanip@gmail.com|8-bit
lbrlsn53@gmail.com|8-bit
borgoleader@gmail.com|8-bit
gaspareloporto6817@gmail.com|8-bit
barbara.allegretti65@gmail.com|8-bit
intorrevending24@gmail.com|8-bit
daniele.galieti@icloud.com|8-bit
massimilianolivieri@gmail.com|8-bit
robe.baglivo@gmail.com|8-bit
riccardodelrosso8@gmail.com|8-bit
kkateice@gmail.com|8-bit
cbitaliasas@gmail.com|8-bit
mledonne42@gmail.com|8-bit
gamberini.lorenzo2@gmail.com|8-bit
dottcorsirob@gmail.com|8-bit
giuscarpello@gmail.com|8-bit
19valentino52@gmail.com|8-bit
salvabusa86@gmail.com|8-bit
lucagiordano841@gmail.com|8-bit
vincenzomadonna47@gmail.com|8-bit
kalvus@gmail.com|8-bit
somigi@gmail.com|8-bit
riccardo.biondi.1940@gmail.com|8-bit
carlosiniscalchi1@gmail.com|8-bit
forrestal1955@gmail.com|8-bit
gianpieroquarta72@gmail.com|8-bit
renatobertoni576@gmail.com|8-bit
fulvia.podico@gmail.com|8-bit
rossemar246@gmail.com|8-bit
pieramicianna@gmail.com|8-bit
rinaldi178@gmail.com|8-bit
danielacescutti2@gmail.com|8-bit
rendotter@gmail.com|8-bit
salatosalvo@gmail.com|8-bit
andrealoverme@gmail.com|8-bit
vikeas.snc@gmail.com|8-bit
nicky3.nb@gmail.com|8-bit
fabianoammannati@gmail.com|8-bit
anto.marzola@gmail.com|8-bit
scaldaferro.manuela10@gmail.com|8-bit
turnaturianna@gmail.con|8-bit
maurizio3272@gmail.com|8-bit
vincenzoaccetta80@gmail.com|8-bit
elvira.ciccone50@gmail.com|8-bit
erfiorentino2001@icloud.com|8-bit
erfiorentino2001@gmail.com|8-bit
lazzidoc@gmail.com|8-bit
riccardozampieri23@gmail.com|8-bit
barcarluci@gmail.com|8-bit
s14.luci@gmail.com|8-bit
lollylalla96@gmail.com|8-bit
clmicetta78@gmail.com|8-bit
cinellifabio@gmail.com|8-bit
r.moscarefrigerazione@gmail.com|8-bit
andrea.cerutti81@gmail.com|8-bit
m.ostoni@gmail.com|8-bit
danilo.bargetto@gmail.com|8-bit
alessandro.igliori@gmail.com|8-bit
autotrasportireina@gmail.com|8-bit
tuttointorno@gmail.com|8-bit
danycimarra@gmail.com|8-bit
gianninardo69@gmail.com|8-bit
borio.guido@gmail.com|8-bit
dem.porro@gmail.com|8-bit
beltramibnl@gmail.com|8-bit
larcherfederico@gmail.com|8-bit
mauro.carriero.61@gmail.com|8-bit
giovannistringara9@gmail.com|8-bit
gabry.vago@gmail.com|8-bit
agataleo3@gmail.com|8-bit
arch.prebianca@staprebiancabruni.com|8-bit
scremaschini@gmail.com|8-bit
giovanni.daloe@gmail.com|8-bit
stefania.barbero71@gmail.com|8-bit
andrea.mantaroni@gmail.com|8-bit
nadiadonghi72@gmail.com|8-bit
attilio.sprela@gmail.com|8-bit
marcolilli05@gmail.com|8-bit
alessandrorivaroli625@gmail.com|8-bit
maurizio.spadaro.ms@gmail.com|8-bit
b.t.numaboa@gmail.com|8-bit
mattia.cenci@gmail.com|8-bit
lauratushaj73@gmail.com|8-bit
ilde.negri.in@gmail.com|8-bit
laurettapostaalice@gmail.com|8-bit
m.cesari64@gmail.com|8-bit
patty.casale1566@gmail.com|8-bit
saliernoassunta22@gmail.com|8-bit
jixufeng1979@gmail.com|8-bit
angelopini3@gmail.com|8-bit
catabeppe64@gmail.com|8-bit
laspinaloredana@gmail.com|8-bit
loredanalaspina@gmail.com|8-bit
ettore.calandra53@gmail.com|8-bit
luciano.gavazza@gmail.com|8-bit
ginocantiello@gmail.com|8-bit
falconeantonella9@gmail.com|8-bit
roccacarlo1940@gmail.com|8-bit
ema.bertin@gmail.com|8-bit
balloneroberto73@gmail.com|8-bit
anotarmuzi@gmail.com|8-bit
fabry63.fm@gmail.com|8-bit
quimaurovb@gmail.com|8-bit
giuseppeboem61@gmail.com|8-bit
rubencapelli47@gmail.com|8-bit
giuseppe.minucci@gmail.com|8-bit
alessandro.amerigo@gmail.com|8-bit
domontaruli@gmail.com|8-bit
gaetanoquadri01@gmail.com|8-bit
daraino18@gmail.com|8-bit
claudio.palmisciano@gmail.com|8-bit
marco.de.ruvo17788@gmail.com|8-bit
gmstudiotecnico@gmail.com|8-bit
filippopilo88@gmail.com|8-bit
alessio.rezzano@gmail.com|8-bit
lillobarberi@gmail.com|8-bit
lauralenzuni@gmail.com|8-bit
stefano.melilli.co@gmail.com|8-bit
avv.vincenzofiore@gmail.com|8-bit
dinunnofrancesca0@gmail.com|8-bit
pietromontipo@icloud.com|8-bit
matis2005@gmail.com|8-bit
federicomoroni5@gmail.com|8-bit
gimargio54@gmail.com|8-bit
danila.cabula@gmail.com|8-bit
catialbrt@gmail.com|8-bit
francescodosi999@gmail.com|8-bit
burellid@gmail.com|8-bit
rosalbo.lionello@gmail.com|8-bit
3d.animemodel@gmail.com|8-bit
jouclasdanielle@gmail.com|8-bit
diego.saccardi@gmail.com|8-bit
costanzo062@gmail.com|8-bit
stefania.gobbo67@gmail.com|8-bit
stefaniagobbo2026@gmail.com|8-bit
mateno19@gmail.com|8-bit
polpettamm@gmail.com|8-bit
erremmerufo@gmail.com|8-bit
samuele.distefano1996@gmail.com|8-bit
donpaolo72@gmail.com|8-bit
tonystrabace@gmail.com|8-bit
eguidi720@gmail.com|8-bit
guerrino.gabrielli@gmail.com|8-bit
ancescaocomo2000@gmail.com|8-bit
mario68.mobile@gmail.com|8-bit
jackofmar.11@gmail.com|8-bit
dapithebest58@gmail.com|8-bit
fumisandes@gmail.com|8-bit
saralerenato@gmail.com|8-bit
stenomariarosa@gmail.com|8-bit
osteriaconlocandalacampanara@gmail.com|8-bit
nico.basso60@gmail.com|8-bit
rosarioca1965@gmail.com|8-bit
enzoelinda55@gmail.com|8-bit
sandromerylavi@gmail.com|8-bit
demetra.studio.re@gmail.com|8-bit
stetolo@gmail.com|8-bit
santaroniroberta@gmail.com|8-bit
modesta.sbaragli@gmail.com|8-bit
gerardo.matera1972@gmail.com|8-bit
effebonacossa@gmail.com|8-bit
avv.albafallavena@gmail.com|8-bit
fravassena74@gmail.com|8-bit
piergiorgio.tuninetti@gmail.com|8-bit
flavio.salvin70@gmail.com|8-bit
mauriziovivona488@gmail.com|8-bit
beniamino.mastroserio@gmail.com|8-bit
cicirellaricambi1@gmail.com|8-bit
m.toce88@gmail.com|8-bit
costantiniroberta67@gmail.com|8-bit
moddo973@gmail.com|8-bit
franco.rugg1958@gmail.com|8-bit
lasciamassi@gmail.com|8-bit
mariella.puggelli1961@gmail.com|8-bit
birilla2@gmail.com|8-bit
francescod086@gmail.com|8-bit
caminnecirosa@gmail.com|8-bit
newredster@gmail.com|8-bit
antonionava471@gmail.com|8-bit
grazianagiurdanella1@gmail.com|8-bit
mauriziomisefari@gmail.com|8-bit
scrinziisabella@gmail.com|8-bit
thoredalma@gmail.com|8-bit
studiotabacco@gmail.com|8-bit
falegnameriasbardellati@gmail.com|8-bit
aproj2600@gmail.com|8-bit
dbonafe1909@icloud.com|8-bit
factorygroup65@gmail.com|8-bit
f.perisiutti@gmail.com|8-bit
silvia.follini89@gmail.com|8-bit
carlocampani62@gmail.com|8-bit
epifaniandrea23@gmail.com|8-bit
famiglia.pagni.fontebuoni@gmail.com|8-bit
rinellafilippo68@gmail.com|8-bit
alepresident@gmail.com|8-bit
pasqualebelfiore7@gmail.com|8-bit
ericabruno089@gmail.com|8-bit
abarra53@gmail.com|8-bit
francesca.giuliana.zucca@gmail.com|8-bit
marygb72@gmail.com|8-bit
info.edilcoppola@gmail.com|8-bit
cosimovinci2@gmail.com|8-bit
tore198510@gmail.com|8-bit
baiocchiurbano@gmail.com|8-bit
fabinn2007@gmail.com|8-bit
myindirizzoprivato@gmail.com|8-bit
furfarodo@gmail.com|8-bit
studioflis@gmail.com|8-bit
grazia.blasi1972@gmail.com|8-bit
mbosisio72@gmail.com|8-bit
vespasara81@gmail.com|8-bit
romiago74@gmail.com|8-bit
valerianobalestra@gmail.com|8-bit
nicola.sperandio76@gmail.com|8-bit
silviaforgia16@gmail.com|8-bit
rcasciol63@gmail.com|8-bit
zanogio003@gmail.com|8-bit
stefaniatirelli62@gmail.com|8-bit
zanattanatascia@gmail.com|8-bit
danilo.cornelli@gmail.com|8-bit
contegirardo@gmail.com|8-bit
cartoleria99@gmail.com|8-bit
peraromarta@gmail.com|8-bit
berto.cf@gmail.com|8-bit
filippo.marafioti@gmail.com|8-bit
osvaldoalbani975@gmail.com|8-bit
claire020583@gmail.com|8-bit
schieri.elio@gmail.com|8-bit
tagliaferro.paolo1@gmail.com|8-bit
gbonora65@gmail.com|8-bit
dany1961dany1961@gmail.com|8-bit
fraframinmin@gmail.com|8-bit
r.inox63@gmail.com|8-bit
sartinigianmario@gmail.com|8-bit
barbaratorti05@gmail.com|8-bit
david.cigoni67@gmail.com|8-bit
clubamicidellastrada@gmail.com|8-bit
igidrum@gmail.com|8-bit
giuseppe.varvicchio22@gmail.com|8-bit
stefania.damore77@gmail.com|8-bit
davoliiula@gmail.com|8-bit
parfran87@gmail.com|8-bit
merlino.sabina@gmail.com|8-bit
turi.fl946@gmail.com|8-bit
studiopetitocdl@gmail.com|8-bit
carlogreco24@gmail.com|8-bit
goffredocaravita@gmail.com|8-bit
costanzoventurini@gmail.com|8-bit
cesaregusso@gmail.com|8-bit
frizone231@gmail.com|8-bit
ravinalestefania@gmail.com|8-bit
annatandura44@gmail.com|8-bit
s28694258@gmail.com|8-bit
miazzo.francesco96@gmail.com|8-bit
edvard.gergolet@gmail.com|8-bit
adfemr@gmail.com|8-bit
archlucamalvicino@gmail.com|8-bit
fil.montemurro@gmail.com|8-bit
pomomoto2@gmail.com|8-bit
giorgioeugenio1950@gmail.com|8-bit
lmazzotti1981@gmail.com|8-bit
alessandro.soncin.iphone@gmail.com|8-bit
lauramiki1@gmail.com|8-bit
favourkate257@gmail.com|8-bit
c.giovanardi@gmail.com|8-bit
dentini.nicola@gmail.com|8-bit
l.morrigan.72@gmail.com|8-bit
virgiliopennisi@gmail.com|8-bit
arnoldiarturo@gmail.com|8-bit
zuccarogiovannidp205@gmail.com|8-bit
simone78.gx@gmail.com|8-bit
coletta879@gmail.com|8-bit
luca.mondaini64@gmail.com|8-bit
marchetti_giorgio@fastwebnet.it|8-bit
fornasiero.corinne@gmail.com|8-bit
andreasavi5@gmail.com|8-bit
zenfabrizioposta@gmail.com|8-bit
fiore.albonetti@gmail.com|8-bit
aliceguerzoni1985@gmail.com|8-bit
alan.palombi@gmail.com|8-bit
cannariato1@gmail.com|8-bit
mirkosimoni28@gmail.com|8-bit
christian.tae@gmail.com|8-bit
eunicegabriella60@gmail.com|8-bit
mirabella.domenico80@gmail.com|8-bit
marinigiuseppe963@gmail.com|8-bit
walter1726@gmail.com|8-bit
angelo.daraio@gmail.com|8-bit
pasquale.bruno8@gmail.com|8-bit
talaricofrancesco81@gmail.com|8-bit
ciro.manzo73@gmail.com|8-bit
ebranci@gmail.com|8-bit
massimo.scolaro@gmail.com|8-bit
loriszerbinati@gmail.com|8-bit
daniele.migliaccio16@gmail.com|8-bit
peppegiunta68@gmail.com|8-bit
laura.chiggiato89@gmail.com|8-bit
barbara.astesana@gmail.com|8-bit
francesco.croce79@gmail.com|8-bit
sandaragm@gmail.com|8-bit
casati.l55@gmail.com|8-bit
albertogirotti71@gmail.com|8-bit
guidodc66@gmail.com|8-bit
ritaspano3@gmail.com|8-bit
pino.scafidi@gmail.com|8-bit
kellyobazee3800@gmail.com|8-bit
bobogbenga12@gmail.com|8-bit
stefano.concolato@gmail.com|8-bit
renato.bobbio.alicemail@gmail.com|8-bit
leporemarco105@gmail.com|8-bit
alice.ilcentro@gmail.com|8-bit
luisa.opizzi63@gmail.com|8-bit
maurizio.bollea@gmail.com|8-bit
renzo.cremese@gmail.com|8-bit
pierbruno.t@gmail.com|8-bit
gabrielelovattini@gmail.com|8-bit
roberta.piralla68@gmail.com|8-bit
renato.palazzo44@gmail.com|8-bit
renzogobbo51@gmail.com|8-bit
fra.scubadiver@gmail.com|8-bit
perez.angelo71@gmail.com|8-bit
cristinacerreti@gmail.com|8-bit
giannimeini46@gmail.com|8-bit
soniax1969@gmail.com|8-bit
vale.baldelli87@gmail.com|8-bit
lucianofusi.gm@gmail.com|8-bit
rboccucci@gmail.com|8-bit
lorenzopatermo@gmail.com|8-bit
andrea.tettamanzi.modena@gmail.com|8-bit
modena.alessio@gmail.com|8-bit
andrea.mechelli44@gmail.com|8-bit
claudiarosa0410@gmail.com|8-bit
stigliani.alessandro@gmail.com|8-bit
arthesiac@gmail.com|8-bit
mennyfico@gmail.com|8-bit
xatuna.xati@yahoo.com|8-bit
anto.battaglia1973@gmail.com|8-bit
amicodelsole@gmail.com|8-bit
mirko.tramice@gmail.com|8-bit
fa.brusa66@gmail.com|8-bit
margherita.macchia69@gmail.com|8-bit
maria.giova811@gmail.com|8-bit
mariobusato42@gmail.com|8-bit
bettoni.pietro0884@gmail.com|8-bit
andreagenu@gmail.com|8-bit
elviscurti9@gmail.com|8-bit
anna.genta1948@gmail.com|8-bit
pietromacchione43@gmail.com|8-bit
domenicoforliano1@gmail.com|8-bit
mariafoti1942@gmail.com|8-bit
giampaolo961@gmail.com|8-bit
mauro.giovannini051275@gmail.com|8-bit
rossissimo.sr@gmail.com|8-bit
marco.tioli@gmail.com|8-bit
giovannino.marche@gmail.com|8-bit
patriziapaoni1@gmail.com|8-bit
alexander.weis1@gmail.com|8-bit
piero.santoro1101@gmal.com|8-bit
s1968l1965@gmail.com|8-bit
miragliafulvia@gmail.com|8-bit
amort.irene12@gmail.com|8-bit
architettovoza1958@gmail.com|8-bit
marikama60@gmail.com|8-bit
nuzzoangelo65@gmail.com|8-bit
pallino583@gmail.com|8-bit
fabrib69cr@gmail.com|8-bit
delmonaco1955@gmail.com|8-bit
gius.cal2010@gmail.com|8-bit
roberto.preda@studiopreda.net|8-bit
donata.venturi.pc@gmail.com|8-bit
lorenzoarchsciascia@icloud.com|8-bit
stefano.piccolo70@gmail.com|8-bit
stefanobellotti73@gmail.com|8-bit
costacioli@gmail.com|8-bit
roberto.furlani.1978@gmail.com|8-bit
corvagliaenrico60@gmail.com|8-bit
luisacarangelo@gmail.com|8-bit
gifzanella@gmail.com|8-bit
vincenzo.congedo37@gmail.com|8-bit
raffaele325@gmail.com|8-bit
bnocella74@gmail.com|8-bit
raffaellatrevisi16@gmail.com|8-bit
claudio.centenari@gmail.com|8-bit
christian.marchetto88@gmail.com|8-bit
bradascioluigi@gmail.com|8-bit
studiodentisticodott.polastri@gmail.com|8-bit
murcielago.cerri@gmail.com|8-bit
licchellifernando@gmail.com|8-bit
andreabraschi1@gmail.com|8-bit
paola.frambati@gmail.com|8-bit
beckywendy79@gmail.com|8-bit
felice.pacilio@gmail.com|8-bit
giuseppesaldaneri@gmail.com|8-bit
filippo.dantuono.cs@gmail.com|8-bit
guglielmo.magri.rockmachine@gmail.com|8-bit
brittxxox534@gmail.com|8-bit
casatipirola@gmail.com|8-bit
carlodispes@gmail.com|8-bit
dispesc@gmail.com|8-bit
davidetosi01@gmail.com|8-bit
lucaboni1963@gmail.com|8-bit
frigatodolores@gmail.com|8-bit
lorenz.cappello@gmail.com|8-bit
mailaliceleo@gmail.com|8-bit
c.rigon72@gmail.com|8-bit
tunno.quintino@gmail.com|8-bit
sara.tini@yes-engineering.it|8-bit
nico.losito58@gmail.com|8-bit
andreafe@gmail.com|8-bit
fabriziogreco1966@gmail.com|8-bit
aldocatti70@gmail.com|8-bit
silvia.toniolo77@gmail.com|8-bit
roccomaggio4@gmail.com|8-bit
carlina82.mulas@gmail.com|8-bit
demelaalberto@gmail.com|8-bit
giopit1951@gmail.com|8-bit
stefano.giacomon@gmail.com|8-bit
loredanavignati70@gmail.com|8-bit
andrea.boccato.ro@gmail.com|8-bit
bartolo290466@gmail.com|8-bit
daniela.trotta@asl.pe.it|8-bit
daniela.trottape@gmail.com|8-bit
galmont13@gmail.com|8-bit
samuele.vitali84@gmail.com|8-bit
anna.novello14@gmail.com|8-bit
maura.morelli7@gmail.com|8-bit
iphroy@gmail.com|8-bit
adeleferrario036@gmail.com|8-bit
avv.stefaniamorozzi@gmail.com|8-bit
massimo.giroletti@gmail.com|8-bit
martignonmaurizio@gmail.com|8-bit
mauriziomartignon61@gmail.com|8-bit
ghiga83.fc@gmail.com|8-bit
sandrapedrini61@gmail.com|8-bit
marioadduci27@gmail.com|8-bit
giovannireale95@gmail.com|8-bit
simonebraglia79@gmail.com|8-bit
iz5lfe.livorno@gmail.com|8-bit
sandroni.maurizio61@gmail.com|8-bit
pierluigi.giambra@gmail.com|8-bit
enricamauriziadevita@gmail.com|8-bit
pietrobresciani27@gmail.com|8-bit
fanfaravallebormida@gmail.com|8-bit
devecchi.gianpiera@gmail.com|8-bit
ceccosuez@gmail.com|8-bit
m.messuri@gmail.com|8-bit
mariella.galavotti@icloud.com|8-bit
margalavotti82@gmail.com|8-bit
sancettag960@gmail.com|8-bit
bcingoli@gmail.com|8-bit
tabaccheriarubicone@gmail.com|8-bit
abycorti32@gmail.com|8-bit
aldo.venturelli@ingegnericamuni.it|8-bit
jeronimuskalos@gmail.com|8-bit
robypanda53@gmail.com|8-bit
sergio.parenti38@gmail.com|8-bit
giovanni.paolo.no@gmail.com|8-bit
kellyobazee380@gmail.com|8-bit
alemaele@gmail.com|8-bit
carusorosario80@gmail.com|8-bit
majrugge@gmail.com|8-bit
albefix@gmail.com|8-bit
elisaflocchini@gmail.com|8-bit
giancarloubiali@gmail.com|8-bit
samuelcarloss103@gmail.com|8-bit
orsettoste@gmail.com|8-bit
carmelobarbera1970@gmail.com|8-bit
simonatired@gmail.com|8-bit
maraiaclaudio@gmail.com|8-bit
emanuele.buccini@gmail.com|8-bit
luca.cremaschi.1982@gmail.com|8-bit
vmosolo7@gmail.com|8-bit
dr.davide.rapelli@gmail.com|8-bit
zinger.earl@gmail.com|8-bit
milugian@gmail.com|8-bit
acafagna.61@gmail.com|8-bit
chiarapezzoni77@gmail.com|8-bit
silvano.giuliani11@gmail.com|8-bit
ferraresidaniele81@gmail.com|8-bit
guido.bortolato@gmail.com|8-bit
uobioc@gmail.com|8-bit
antoniocavicchioli02@gmail.com|8-bit
barriolatino7@gmail.com|8-bit
piccioni1975@gmail.com|8-bit
dario.oriani@gmail.com|8-bit
antongreco.58@gmail.com|8-bit
maragosio1966@gmail.com|8-bit
umberto.preda62@gmail.com|8-bit
carrozzeria.cl.p@gmail.com|8-bit
emybizzarri55@gmail.com|8-bit
basiclife61@gmail.com|8-bit
ducatone1098@gmail.com|8-bit
impiantipalumbo@gmail.com|8-bit
primovicentini@gmail.com|8-bit
guimario59@gmail.com|8-bit
alessio.scannella@gmail.com|8-bit
marcosassi07@gmail.com|8-bit
alipari71@gmail.com|8-bit
christiandibitetto@gmail.com|8-bit
sabettagabriele.gs@gmail.com|8-bit
fioro0505@gmail.com|8-bit
gragiassi@gmail.com|8-bit
sapmar1968@gmail.com|8-bit
ma.mega66@gmail.com|8-bit
giovanninegri1964@gmail.com|8-bit
francescopusceddu91@gmail.com|8-bit
iaquintasimonetta@gmail.com|8-bit
deboragervasi26@gmail.com|8-bit
sarvobad@gmail.com|8-bit
susannacomo@gmail.com|8-bit
cheidimiec@gmail.com|8-bit
fabio.collura83@gmail.com|8-bit
claudex68@gmail.com|8-bit
lucan1202@gmail.com|8-bit
garisellisimona@gmail.com|8-bit
ermannomariotto@gmail.com|8-bit
marco.maruzzi1979@gmail.com|8-bit
frontdesk.officer05@gmail.com|8-bit
giancarlo.generale@gmail.com|8-bit
dm.2014.racing@gmail.com|8-bit
distasifoto@gmail.com|8-bit
mik.at.mik@gmail.com|8-bit
dantonion@icloud.com|8-bit
spadaro.de@gmail.com|8-bit
franca.tranchina1@gmail.com|8-bit
alberto.zanocco@gmail.com|8-bit
masslualdi@gmail.com|8-bit
pattycel65@gmail.com|8-bit
apzerbo@gmail.com|8-bit
nglcanavesi@gmail.com|8-bit
rangonigiancarlo@gmail.com|8-bit
luigilsr17@gmail.com|8-bit
a.dallariva66@gmail.com|8-bit
roberta.botterio@gmail.com|8-bit
buttiangelo@gmail.com|8-bit
elisabetta.zanetti17@gmail.com|8-bit
serenabottari85@gmail.com|8-bit
cafarelli2512@gmail.com|8-bit
silviamenozzifisio@gmail.com|8-bit
robivan1@gmail.com|8-bit
marco.moretti1400@gmail.com|8-bit
giannicam72@gmail.com|8-bit
albertozaffa1@gmail.com|8-bit
teresaorsini.ap@gmail.com|8-bit
sangalli.pietro0@gmail.com|8-bit
pianaovada@gmail.com|8-bit
sandrabaldassari@gmail.com|8-bit
cclaudio.ba@gmail.com|8-bit
laura.faini1964@gmail.com|8-bit
daniele.boniolo@icloud.com|8-bit
marco.bertocci72@gmail.com|8-bit
marroneezio@gmail.com|8-bit
lucabortolan82@gmail.com|8-bit
diego.auari@gmail.com|8-bit
mauro270369@gmail.com|8-bit
cinzia.pink86@gmail.com|8-bit
catellani66@gmail.com|8-bit
gianchimarta@gmail.com|8-bit
giuliana.pasinetti@gmail.com|8-bit
adamoventurelli03@gmail.com|8-bit
pcnsub@gmail.com|8-bit
marcotambe9@gmail.com|8-bit
santinomeo1948@gmail.com|8-bit
cellaidaniela899@gmail.com|8-bit
marcosmiraglio1@gmail.com|8-bit
valentina.comunale65@gmail.com|8-bit
archiviazionegp@gmail.comcom|unknown
archiviazionegp@gmail.com|unknown
gheorghita.popa@outlook.it|unknown
roberto.miliani@gmail.com|8-bit
pattydepasquale68@gmail.com|8-bit
info.infrasas@gmail.com|8-bit
bmarino.luana@gmail.com|8-bit
donrenato83@gmail.com|8-bit
francesco.patrone1970@gmail.com|8-bit
giusicolzani1965@gmail.com|8-bit
delpantaiacopo@gmail.com|8-bit
carmine.pasquariello7@gmail.com|8-bit
d.repetti@icloud.com|8-bit
peppino071.ca@gmail.com|8-bit
luigi.airaghi1941@gmail.com|8-bit
sodini.stefania@gmail.com|8-bit
cristina.bossi71@gmail.com|8-bit
mmarasco80@gmail.com|8-bit
palumboangelodomenico@gmail.com|8-bit
dario74spy@gmail.com|8-bit
320dtouring79@gmail.com|8-bit
ivan.morandix791@gmail.com|8-bit
waldisceccato@gmail.com|8-bit
claudio.vecellio@gmail.com|8-bit
cipriottiluigi@gmail.com|8-bit
francescoluna73@gmail.com|8-bit
leosabrina2022@gmail.com|8-bit
agenziafuniciello@gmail.com|8-bit
annapitino1@gmail.com|8-bit
alfonsimanlio@gmail.com|8-bit
marcomassimo.rosin@gmail.com|8-bit
silvano.bertoletti47@gmail.com|8-bit
castelrinaldosnc@gmail.com|8-bit
andreoli.pierpaolo51@gmail.com|8-bit
marianabuttarelli@gmail.com|8-bit
83.rolando.f@gmail.com|8-bit
lucamolteni63@gmail.com|8-bit
tizianapenzo.23@gmail.com|8-bit
stefano.g.tirro@gmail.com|8-bit
francesco.beriachetto@gmail.com|8-bit
macri.camillo@gmail.com|8-bit
mavetek1@gmail.com|8-bit
ghidiniemanuela@gmail.com|8-bit
walter.bugo@gmail.com|8-bit
falconidiego71@gmail.com|8-bit
jegilio91@gmail.com|8-bit
alessandro.defrancesco51@gmail.com|8-bit
stefanialotorto1986@gmail.com|8-bit
andrea.brattoli@gmail.com|8-bit
ciombek@gmail.com|8-bit
spagnolinigianpiero@gmail.com|8-bit
roby.bramby82@gmail.com|8-bit
ippolito.leonardobz@gmail.com|8-bit
marcofilisina@gmail.com|8-bit
bamideledamola1234@gmail.com|8-bit
beppemax46@gmail.com|8-bit
fabiolino122@gmail.com|8-bit
arturo.arena1968@gmail.com|8-bit
pierfrancesco.bodini@fastwebnet.it|8-bit
maurov.mario@gmail.com|8-bit
laura.santomo01@gmail.com|8-bit
glaseta6@gmail.com|8-bit
catelop.cl@gmail.com|8-bit
oasi1638@gmail.com|8-bit
daniela.fabbri1971@gmail.com|8-bit
adriano.falsetti@gmail.com|8-bit
aloffredi1957@gmail.com|8-bit
paolofratantonio07@gmail.com|8-bit
rosariocerminara2016@gmail.com|8-bit
matteocora.cm@gmail.com|8-bit
donatella.ferracchiati@gmail.com|8-bit
thomas.valentini78@gmail.com|8-bit
angelodipasquale80@gmail.com|8-bit
lucianovecchiarelli@gmail.com|8-bit
migliore1069@gmail.com|8-bit
iolepcl@gmail.com|8-bit
aniello.garg.1966@gmail.com|8-bit
mic251064@gmail.com|8-bit
gian17pal@gmail.com|8-bit
nichi.bruno@gmail.com|8-bit
alessandro.bonazza@gmail.com|8-bit
ezio54.rita61@gmail.com|8-bit
supermariob69@gmail.com|8-bit
reverendom666@gmail.com|8-bit
ing.antonio.simeone@gmail.com|8-bit
marialuigiadelucia7@gmail.com|8-bit
claudio2590@gmail.com|8-bit
francesco.grosso.62@gmail.com|8-bit
alessandracorica63@gmail.com|8-bit
massimoguido61@gmail.com|8-bit
pennisicarmine@gmail.com|8-bit
mignanoantoniosrl01@gmail.com|8-bit
francocicchino@gmail.com|8-bit
marco.cecchin@gmail.com|8-bit
redcamillo65@gmail.com|8-bit
francesco.ftrz@gmail.com|8-bit
clau.tov63@gmail.com|8-bit
castiglionialdo68@gmail.com|8-bit
rubinipierluigi@gmail.com|8-bit
giovanniscarlasetta@gmail.com|8-bit
sovillasca@gmail.com|8-bit
katarigole19@gmail.com|8-bit
fabio.romanelli@gmail.com|8-bit
ermesinvernizzi65@gmail.com|8-bit
elena.lomb62@gmail.com|8-bit
riccecca@gmail.com|8-bit
massimocagna65@gmail.com|8-bit
mario.mezzena@gmail.com|8-bit
lucio.russo955@gmail.com|8-bit
francesca.cuturi73@gmail.com|8-bit
piero.calzolari63@gmail.com|8-bit
cravug34@gmail.com|8-bit
gilbertoantimi@gmail.com|8-bit
mone01.sl@gmail.com|8-bit
luca.sallese@gmail.com|8-bit
corradopontalti@gmail.com|8-bit
max.guescini@gmail.com|8-bit
melandrimorena@gmail.com|8-bit
umpicciu@gmail.com|8-bit
ra.angelone@gmail.com|8-bit
federico.caliari56@gmail.com|8-bit
edoardofaccenda@gmail.com|8-bit
matteo.canciani@gmail.com|8-bit
voljnwar@gmail.com|8-bit
larissa.kugeva@gmail.com|8-bit
turbian.m@gmail.com|8-bit
clasimy@gmail.com|8-bit
nmichelfranco1@gmail.com|8-bit
stancavecchio57@gmail.com|8-bit
forcina.luigi@gmail.com|8-bit
meazza.mario1965@gmail.com|8-bit
nata.titta02@gmail.com|8-bit
anna.lombardi8965@gmail.com|8-bit
madoro@gmail.com|8-bit
antoniomenna1@gmail.com|8-bit
egidiochini6@gmail.com|8-bit
solowave3@gmail.com|8-bit
gispi71@gmail.com|8-bit
sivierostefano1978@gmail.com|8-bit
roberto.morbiducci68@gmail.com|8-bit
zenozeni64@gmail.com|8-bit
geom.rausa@gmail.com|8-bit
nadiavalbuzzi54@gmail.com|8-bit
marco.bardus.it@gmail.com|8-bit
p.locatelli3@gmail.com|8-bit
johnnydinr3@gmail.com|8-bit
lvisciano60@gmail.com|8-bit
miki.barone90@gmail.com|8-bit
alextreccarichi@gmail.com|8-bit
9.10.filippo@gmail.com|8-bit
camurma@gmail.com|8-bit
umbimu@gmail.com|8-bit
emanuele.murgolo.no@gmail.com|8-bit
sorzedado@gmail.com|8-bit
cinziaribet@gmail.com|8-bit
maver600@gmail.com|8-bit
nicoletta.algeri@gmail.com|8-bit
imdrisara@gmail.com|8-bit
draghettialbano@gmail.com|8-bit
coelligiulia@gmail.com|8-bit
enricosozzini@gmail.com|8-bit
francoaltena@gmail.com|8-bit
salvo.laporta84@gmail.com|8-bit
renzo.q65@gmail.com|8-bit
parvadom@gmail.com|8-bit
citysurfermusic@gmail.com|8-bit
postalbox.work@gmail.com|8-bit
marcoferrante64@gmail.com|8-bit
moranimo1963@gmail.com|8-bit
ivytatu85@gmail.com|8-bit
paolopolverini@gmail.com|8-bit
mauro.bruni50@gmail.com|8-bit
antonello.rocca84@gmail.com|8-bit
dsmorgg@gmail.com|8-bit
luana.bodini@gmail.com|8-bit
paolo.scerbo@gmail.com|8-bit
bibitetesino@gmail.com|8-bit
berghif@gmail.com|8-bit
danilo.deluca1988@gmail.com|8-bit
barbieri.4578@gmail.com|8-bit
rizzo.010@gmail.com|8-bit
d.desperati73@gmail.com|8-bit
berto.ve24@gmail.com|8-bit
andrea.abbruzzese23@gmail.com|8-bit
ele.bertoni84@gmail.com|8-bit
armando.rizzon@gmail.com|8-bit
ilaria.mapelli.90@gmail.com|8-bit
lovantonino@gmail.com|8-bit
ghiraemiliano@gmail.com|8-bit
sabrinatomasini72@gmail.com|8-bit
clavdia8896@gmail.com|8-bit
69gioba@gmail.com|8-bit
bissoni.orietta@gmail.com|8-bit
cowellhodges@gmail.com|8-bit
nicolettarosina@gmail.com|8-bit
giuseppesollo21@gmail.com|8-bit
caroleimanuela@gmail.com|8-bit
ggandini44@gmail.com|8-bit
bonutto.sara@gmail.com|8-bit
sonia.monetti1983@gmail.com|8-bit
ettore.capra1965@gmail.com|8-bit
monicamal3377@gmail.com|8-bit
giurasset@gmail.com|8-bit
ericmariotto741@gmail.com|8-bit
samuelecarloni@gmail.com|8-bit
tizbenz57@gmail.com|8-bit
info3397710700@gmail.com|8-bit
giuli.baiano@gmail.com|8-bit
paolobasili61@gmail.com|8-bit
pamela82lombardo@gmail.com|8-bit
nailon.67@gmail.com|8-bit
andreatabarrini@gmail.com|8-bit
evelynmorels73@gmail.com|8-bit
philipp.bacher83@gmail.com|8-bit
mirko.libanori@gmail.com|8-bit
francesco80samsung@gmail.com|8-bit
criserg59@gmail.com|8-bit
infanti.anto@gmail.com|8-bit
angelo.flessibile@gmail.com|8-bit
todarotindarita@gmail.com|8-bit
gianfranco.messina18@gmail.com|8-bit
garneronealessandro@gmail.com|8-bit
mattia.curvati92@gmail.com|8-bit
ozram19@gmail.com|8-bit
geom.gennai@gmail.com|8-bit
pernagennaro560@gmail.com|8-bit
raiaagostino71@gmail.com|8-bit
cava71.andrea@gmail.com|8-bit
alberto.mincigrucci@gmail.com|8-bit
icioferaboli@gmail.com|8-bit
nazziconicentrogomme@gmail.com|8-bit
novembre.pizzuto@gmail.com|8-bit
rio.cap76@gmail.com|8-bit
alessandra.dearcangelo@gmail.com|8-bit
jerrytropea@gmail.com|8-bit
rosannarc52@gmail.com|8-bit
davide.hg7@gmail.com|8-bit
borgoventi@gmail.com|8-bit
dora.doppiaimmagine@gmail.com|8-bit
atcpiacenza1@gmail.com|8-bit
luisa.bertello40@gmail.com|8-bit
toni.caleffi@gmail.com|8-bit
elide.motta@icloud.com|8-bit
spinny.leda@gmail.com|8-bit
anna.sammartano62@gmail.com|8-bit
gamerro4fam@gmail.com|8-bit
jenny.scarciello@gmail.com|8-bit
magginic63@gmail.com|8-bit
28cop50@gmail.com|8-bit
g.capelli47@gmail.com|8-bit
antonellasimeoni15@gmail.com|8-bit
relaisduparadis@gmail.com|8-bit
perfettigianluca77@gmail.com|8-bit
v.guidi22@gmail.com|8-bit
patrizia.casano7.7@gmail.com|8-bit
76dadde@gmail.com|8-bit
elyfumagalli67@gmail.com|8-bit
martich04@gmail.com|8-bit
zilioroberta@gmail.com|8-bit
giuralongoimmacolata@gmail.com|8-bit
luigi.izzo551@gmail.com|8-bit
doppia69@gmail.com|8-bit
beautytimeprof@gmail.com|8-bit
visko91@gmail.com|8-bit
patrizia.mangili60@gmail.com|8-bit
vinmastro13@gmail.com|8-bit
luxinferi502@gmail.com|8-bit
loryp83@gmail.com|8-bit
pierocanini@gmail.com|8-bit
cucciolo803932@gmail.com|8-bit
garretto778@gmail.com|8-bit
barbarap249@gmail.com|8-bit
chewbacca2376@gmail.com|8-bit
home.raganato@gmail.com|8-bit
antonioganeo59@gmail.com|8-bit
paratero.an@gmail.com|8-bit
caterbam@gmail.com|8-bit
denise.fisichella@gmail.com|8-bit
l.deidda10@gmail.com|8-bit
rbaldacci67@gmail.com|8-bit
marco.santullo61@gmail.com|8-bit
susyperaro67@gmail.com|8-bit
roberto.valvo@gmail.com|8-bit
robertovalvo@gmail.com|8-bit
micforever71@gmail.com|8-bit
milenabaldi56@gmail.com|8-bit
e.giacomelli13@gmail.com|8-bit
fra.taricco@gmail.com|8-bit
lorena11.colombo@gmail.com|8-bit
pierogalletti50@gmail.com|8-bit
vincenzogorla52@gmail.com|8-bit
matteo98tini@gmail.com|8-bit
sr.daria59@gmail.com|8-bit
romeromario.1965.22@gmail.com|8-bit
ing.peroni@gmail.com|8-bit
giper59@gmail.com|8-bit
ing.monastra@gmail.com|8-bit
piamanzoni61@gmail.com|8-bit
ermameno4@gmail.com|8-bit
renzo.canale@gmail.com|8-bit
massimo.depolli@icloud.com|8-bit
lino.malerba61@gmail.com|8-bit
mauroquartanelli@gmail.com|8-bit
livia.pavoni71@gmail.com|8-bit
giovanni.caloni@gmail.com|8-bit
silvia.caloni79@gmail.com|8-bit
suoreomvf@gmail.com|8-bit
toni.tasinato@gmail.com|8-bit
carlo.massimiani48@gmail.com|8-bit
francomariabedini@gmail.com|8-bit
nericarlo62@gmail.com|8-bit
salvo.blancato1975@gmail.com|8-bit
robertomastella2@gmail.com|8-bit
panellistefano1971@gmail.com|8-bit
u3756320952@gmail.com|8-bit
antoninipla@gmail.com|8-bit
23maria57@gmail.com|8-bit
chiabucci@gmail.com|8-bit
giuliana.lievore@gmail.com|8-bit
daniele.mariani556@gmail.com|8-bit
milena.zunino66@gmail.com|8-bit
verdedischweinfurt@gmail.com|8-bit
ms.momo64@gmail.com|8-bit
marco.milandri@gmail.com|8-bit
giuliano.mattiuzzo61@gmail.com|8-bit
vincenzobilella@gmail.com|8-bit
peressini.sandro@gmail.com|8-bit
ugocaronia@gmail.com|8-bit
ertorreg@gmail.com|8-bit
massimominutello1970@gmail.com|8-bit
anngrainger55@gmail.com|8-bit
sproc2003@gmail.com|8-bit
gianmario_migliorati@fastwebnet.it|8-bit
orlando.lago1955@gmail.com|8-bit
michelacarletti12@gmail.com|8-bit
garavinicristina@gmail.com|8-bit
allarnon71@gmail.com|8-bit
elicampora85@gmail.com|8-bit
antonburbulia@gmail.com|8-bit
andreaf4@gmail.com|8-bit
archmengolipaolo@gmail.com|8-bit
autotrasporti.tomasino@gmail.com|8-bit
manu852306@gmail.com|8-bit
gombaloredana3@gmail.com|8-bit
silmarien85@gmail.com|8-bit
farmaburano@gmail.com|8-bit
marlborolite.lite@gmail.com|8-bit
danielafantoni63@gmail.com|8-bit
tcolombi66@gmail.com|8-bit
romaffy@gmail.com|8-bit
massimo.albertin@gmail.com|8-bit
erasca69@gmail.com|8-bit
giovapax@icloud.com|8-bit
mariandre.ferro@gmail.com|8-bit
remo.mantiero@gmail.com|8-bit
giorgio.candito58@gmail.com|8-bit
robertaguidaturistica@gmail.com|8-bit
giannicarlocima@gmail.com|8-bit
l.romagnoli26@gmail.com|8-bit
claudia.ostinelli@gmail.com|8-bit
gian.pernati@gmail.com|8-bit
ciaros.one@gmail.com|8-bit
gianni.paviglianiti@gmail.com|8-bit
silviaarchiannelli@gmail.com|8-bit
ilaria.corrieri72@gmail.com|8-bit
giovannisanna809@gmail.com|8-bit
12cirano@gmail.com|8-bit
studioguglieri@gmail.com|8-bit
f.mariolini@gmail.com|8-bit
scacchiaivan@gmail.com|8-bit
scavare7480@gmail.com|8-bit
derosasalvatore1946@gmail.com|8-bit
a.antonelli76@gmail.com|8-bit
egimanu.bongarzone@gmail.com|8-bit
ruggerobot62@gmail.com|8-bit
robertoliv68@gmail.com|8-bit
monia.marchiori.mm@gmail.com|8-bit
enniozani@gmail.com|8-bit
kimi.cry@gmail.com|8-bit
djmiky69@gmail.com|8-bit
giovannispinuso@gmail.com|8-bit
ninornr666@gmail.com|8-bit
bugnone1969@gmail.com|8-bit
graziellagraziani96@gmail.com|8-bit
piergambardella@gmail.com|8-bit
menegazzomassimo@gmail.com|8-bit
rosannamazzoni1@gmail.com|8-bit
e.incalcaterra@icloud.com|8-bit
allara.maria55@gmail.com|8-bit
salvelli2@gmail.com|8-bit
antonio.andreozzi1983@gmail.com|8-bit
fumantenrico@gmail.com|8-bit
dagabrielcorbella@materassi-dagabriel.com|8-bit
christian.caspani72@gmail.com|8-bit
quatcri@gmail.com|8-bit
francesco.astori@gmail.com|8-bit
capiettogabri@gmail.com|8-bit
bebizanardi@gmail.com|8-bit
cescoscarpulla@gmail.com|8-bit
giancarlo.stefan59@gmail.com|8-bit
hai456152@gmail.com|8-bit
marcosamsimionato@gmail.com|8-bit
elio.parsani@gmail.com|8-bit
receccacci@gmail.com|8-bit
georgoberrauch60@gmail.com|8-bit
danielazzari82@gmail.com|8-bit
f.bacchini75@gmail.com|8-bit
avv.chiaravalente@gmail.com|8-bit
carpmetdeg@gmail.com|8-bit
cmartini2106@gmail.com|8-bit
barlera.rita@gmail.com|8-bit
smariuccia54@gmail.com|8-bit
lory.auletta@gmail.com|8-bit
infoidrasnc@gmail.com|8-bit
elisamiranda57@gmail.com|8-bit
alessiopassarini8716@gmail.com|8-bit
emanuelagasparotto07@gmail.com|8-bit
fabrizioguarniera@gmail.com|8-bit
maxvic1983@gmail.com|8-bit
nora.bassani@gmail.com|8-bit
vincemast59@gmail.com|8-bit
geom.lucianomontella@gmail.com|8-bit
ivandicagno@gmail.com|8-bit
fontana.edvige@gmail.com|8-bit
dipamaurz@gmail.com|8-bit
marinogmi@gmail.com|8-bit
antonella84.poddighe@gmail.com|8-bit
berardi.rocco@gmail.com|8-bit
andrea50casale@gmail.com|8-bit
gpassaro93@gmail.com|8-bit
alessandrosabella1@gmail.com|8-bit
n.gaspari1950@gmail.com|8-bit
daniele.zuiani1978@gmail.com|8-bit
vaninmauro80@gmail.com|8-bit
valeselli7@gmail.com|8-bit
danieleborghi70@gmail.com|8-bit
ninoscaglione@gmail.com|8-bit
dominici.mirko@gmail.com|8-bit
antonellodepiccoli1960@gmail.com|8-bit
plaiknerrainer@gmail.com|8-bit
giorgiope69@gmail.com|8-bit
francescoraccagni65@gmail.com|8-bit
danilo.rolando60@gmail.com|8-bit
iltobybello@gmail.com|8-bit
rics.1686@gmail.com|8-bit
carla.uslenghi13@gmail.com|8-bit
dddxbox336@gmail.com|8-bit
loredana.cerini@gmail.com|8-bit
danielepasqual1964@gmail.com|8-bit
albertocambio68@gmail.com|8-bit
flavio.canapini@gmail.com|8-bit
alvibi62@gmail.com|8-bit
andreinosignori@gmail.com|8-bit
gz769130@gmail.com|8-bit
paola6856@gmail.com|8-bit
zgabrio67@gmail.com|8-bit
foddanumarco@gmail.com|8-bit
flashcarbike.buccinasco@gmail.com|8-bit
diego.gasperini@gmail.com|8-bit
ferdipircali@gmail.com|8-bit
pierorus@gmail.com|8-bit
brigantidaniela@gmail.com|8-bit
a.dardani+alice@gmail.com|8-bit
totucciototuccio@gmail.com|8-bit
enrico.michelini122@gmail.com|8-bit
mauromv98@gmail.com|8-bit
ida.vigenti@google.com|unknown
scalegni@gmail.com|8-bit
ely.coppini@gmail.com|8-bit
annalisa.robagliati@gmail.com|8-bit
nicastor38@gmail.com|8-bit
valentina.bontempi41@gmail.com|8-bit
aranciaginevra@gmail.com|8-bit
wellgate65@gmail.com|8-bit
alexgalmeteo@gmail.com|8-bit
irene.giordano.65@gmail.com|8-bit
semspi61@gmail.com|8-bit
mauriziomatic@gmail.com|8-bit
foglietta.christian@gmail.com|8-bit
alessandro.donida83@gmail.com|8-bit
cristian.tomasello.1971@gmail.com|8-bit
manzonicasabella@gmail.com|8-bit
lepreantonio@gmail.com|8-bit
paolo.f.networkoffice@gmail.com|8-bit
arianna.cogo1979@gmail.com|8-bit
giorgioscalco58@gmail.com|8-bit
architettoromoli@gmail.com|8-bit
catuoro40@gmail.com|8-bit
moreno.orlandi56@gmail.com|8-bit
patti.marovelli@gmail.com|8-bit
strongolicostruzioni2@gmail.com|8-bit
emiliadevecchis@gmail.com|8-bit
metecocorse@gmail.com|8-bit
barbara.penta71@gmail.com|8-bit
riccipaolo1982empoli@gmail.com|8-bit
mariomazzoldi@gmail.com|8-bit
risoamaro.mm@gmail.com|8-bit
orestiadi@gmail.com|8-bit
martina.sanchi88@gmail.com|8-bit
clocarini2@gmail.com|8-bit
dkatena@gmail.com|8-bit
gattoiolao@gmail.com|8-bit
mauromodena65@gmail.com|8-bit
ilariavallerotonda79@gmail.com|8-bit
michele.sandre64@gmail.com|8-bit
carmenmaltese2@gmail.com|8-bit
andrea.pazzi54@gmail.com|8-bit
pazziandrea33@gmail.com|8-bit
floreani.stefano@gmail.com|8-bit
nicolarossetto83@gmail.com|8-bit
ottavianimc@gmail.com|8-bit
ing.domenico.cassano@gmail.com|8-bit
lorenzo.marconi.210@gmail.com|8-bit
giumbi@gmail.com|8-bit
g.mattiuzzi65@gmail.com|8-bit
nucfnduge@gmail.com|8-bit
zotticarmelalilia@gmail.com|8-bit
barnir57@gmail.com|8-bit
fetasset@gmail.com|8-bit
francone1505@gmail.com|8-bit
carlarigh@gmail.com|8-bit
valterra64@gmail.com|8-bit
grazia.crovace@gmail.com|8-bit
ballando1973@gmail.com|8-bit
adriana.palmisano1941@gmail.com|8-bit
balduccia67@gmail.com|8-bit
serepolly@icloud.com|8-bit
sirascalfi@gmail.com|8-bit
angipuci@gmail.com|8-bit
pennacchiodani@gmail.com|8-bit
lina271240@gmail.com|8-bit
barbarapuricelli73@gmail.com|8-bit
urbanidino@gmail.com|8-bit
carincib@gmail.com|8-bit
giovanni@giovannisato.it|8-bit
santangelo966@gmail.com|8-bit
balbonivanni@gmail.com|8-bit
gmegdeni@gmail.com|8-bit
eliv.17091985@gmail.com|8-bit
maurigos1953@gmail.com|8-bit
d.cupolino@gmail.com|8-bit
rredet012@gmail.com|8-bit
garauaugusto@gmail.com|8-bit
giutomm@gmail.com|8-bit
mannorialessandro58@gmail.com|8-bit
libmat@gmail.com|8-bit
marinacalonci89@gmail.com|8-bit
atag61@gmail.com|8-bit
soeoristano23@gmail.com|8-bit
mauriziosella51@gmail.com|8-bit
lanni.alex@gmail.com|8-bit
juri.sanmarchi@gmail.com|8-bit
elenatamietti71@gmail.com|8-bit
fulvi.alipio@gmail.com|8-bit
muzzighina@gmail.com|8-bit
rebalda72@gmail.com|8-bit
chefinpiazza2@gmail.com|8-bit
andrea.wildwolf@gmail.com|8-bit
anna.scotti1958@gmail.com|8-bit
ellegi965@gmail.com|8-bit
massimomaffuccio@gmail.com|8-bit
lucasordi17@gmail.com|8-bit
laquerciadilottavecchia@gmail.com|8-bit
m.dorotoni@gmail.com|8-bit
fabiogen62@gmail.com|8-bit
fabripes@gmail.com|8-bit
andreaterzer@gmail.com|8-bit
fierroantonino@gmail.com|8-bit
alessiogori83@gmail.com|8-bit
cenzino.olivo@gmail.com|8-bit
attiliolista@gmail.com|8-bit
lorisrosato2014@gmail.com|8-bit
sdzilly@gmail.com|8-bit
giacomogaribaldi1980@gmail.com|8-bit
yessica.ang23@gmail.com|8-bit
gerolicalzi78@gmail.com|8-bit
22.sveta.ts@gmail.com|8-bit
a.vargetto73@gmail.com|8-bit
davideeliseo66@gmail.com|8-bit
biagiom54@gmail.com|8-bit
piero.ragnoli71@gmail.com|8-bit
mariani.rcr@gmail.com|8-bit
riccardo.mariani@vigilfuoco.it|8-bit
giacomocardullo1945@gmail.com|8-bit
ezio.bruna2021@gmail.com|8-bit
danglinuslda@gmail.com|8-bit
siryo2005@gmail.com|8-bit
mimmodicicco4@gmail.com|8-bit
enzocellot@gmail.com|8-bit
dapicetrasporti@gmail.com|8-bit
carmelo.macauda52@gmail.com|8-bit
bianchi.paolo1963@gmail.com|8-bit
gegebonavita@gmail.com|8-bit
gm.graj@gmail.com|8-bit
mercatovillagordiani95@gmail.com|8-bit
attiliodallemulle@gmail.com|8-bit
stefania2809@gmail.com|8-bit
sefca65@gmail.com|8-bit
robertocontar5@gmail.com|8-bit
evelinadavolio87@gmail.com|8-bit
gammapp61@gmail.com|8-bit
elmo.mattia46@gmail.com|8-bit
gipa789@gmail.com|8-bit
lorenzomagagna1972@gmail.com|8-bit
ezio.consonni63@gmail.com|8-bit
scarpa.roberto.1964@gmail.com|8-bit
gianmariagasperini@gmail.com|8-bit
giulia.picciolini11@gmail.com|8-bit
battista.rosa.1977@gmail.com|8-bit
carloguarino69@gmail.com|8-bit
mcloy1@gmail.com|8-bit
giusepperizzo14@gmail.com|8-bit
squartadoc@gmail.com|8-bit
nereo.schiozzi1@gmail.com|8-bit
antonietta.zini@gmail.com|8-bit
giocur899@gmail.com|8-bit
gsimmi38@gmail.com|8-bit
artico@gmail.com|8-bit
vitt.pzz@gmail.com|8-bit
carlo.occhi70@gmail.com|8-bit
gabrielezak.90.gz@gmail.com|8-bit
